TITLE : Convergence study for beam element.Mesh: 5
        (17:22:42 on June 8, 2024, Saturday)

C O N T R O L   I N F O R M A T I O N

      NUMBER OF NODAL POINTS . . . . . . . . . . (NUMNP)  =     6
      NUMBER OF ELEMENT GROUPS . . . . . . . . . (NUMEG)  =     1
      NUMBER OF LOAD CASES . . . . . . . . . . . (NLCASE) =     1
      SOLUTION MODE  . . . . . . . . . . . . . . (MODEX)  =     1
         EQ.0, DATA CHECK
         EQ.1, EXECUTION

 N O D A L   P O I N T   D A T A

    NODE       BOUNDARY                         NODAL POINT
   NUMBER  CONDITION  CODES                     COORDINATES
        1    1    1    1    1    1    1       0.00000e+00    0.00000e+00    0.00000e+00
        2    1    0    1    1    1    0       2.00000e+00    0.00000e+00    0.00000e+00
        3    1    0    1    1    1    0       4.00000e+00    0.00000e+00    0.00000e+00
        4    1    0    1    1    1    0       6.00000e+00    0.00000e+00    0.00000e+00
        5    1    0    1    1    1    0       8.00000e+00    0.00000e+00    0.00000e+00
        6    1    0    1    1    1    0       1.00000e+01    0.00000e+00    0.00000e+00

 EQUATION NUMBERS

   NODE NUMBER   DEGREES OF FREEDOM
        N           X    Y    Z
        1           0    0    0    0    0    0
        2           0    1    0    0    0    2
        3           0    3    0    0    0    4
        4           0    5    0    0    0    6
        5           0    7    0    0    0    8
        6           0    9    0    0    0   10

 L O A D   C A S E   D A T A

     LOAD CASE NUMBER . . . . . . . =     1
     NUMBER OF CONCENTRATED LOADS . =     8

    NODE       DIRECTION      LOAD
   NUMBER                   MAGNITUDE
      1            2       -1.00000e+01
      1            6       -3.33333e+00
      2            2       -2.00000e+01
      3            2       -2.00000e+01
      4            2       -2.00000e+01
      5            2       -2.00000e+01
      6            2       -1.00000e+01
      6            6        3.33333e+00

 E L E M E N T   G R O U P   D A T A


 E L E M E N T   D E F I N I T I O N

 ELEMENT TYPE  . . . . . . . . . . . . .( NPAR(1) ) . . =    5
     EQ.1, TRUSS ELEMENTS
     EQ.2, ELEMENTS CURRENTLY
     EQ.5, BEAM ELEMENTS
     EQ.3, NOT AVAILABLE

 NUMBER OF ELEMENTS. . . . . . . . . . .( NPAR(2) ) . . =    5

 M A T E R I A L   D E F I N I T I O N

 NUMBER OF DIFFERENT SETS OF MATERIAL
 AND CROSS-SECTIONAL  CONSTANTS  . . . .( NPAR(3) ) . . =    1

  SET       YOUNG'S     CROSS-SECTIONAL     MOMENT OF INERTIA     MOMENT OF INERTIA      MOMENT OF INERTIA     POISSON
 NUMBER     MODULUS          AREA             ABOUT Z AXIS      	  ABOUT Y AXIS		   		 POLAR        	  RATIO
               E              A					  Iz					   Iy				 	   Jp		        v
    1     1.00000e+03     1.00000e+00     8.33333e-02     8.33333e-02     0.00000e+00     3.00000e-010.00000e+001.00000e+000.00000e+00


 E L E M E N T   I N F O R M A T I O N
 ELEMENT     NODE     NODE       MATERIAL
 NUMBER-N      I        J       SET NUMBER
    1          1        2           1
    2          2        3           1
    3          3        4           1
    4          4        5           1
    5          5        6           1

   Ele =        Location Matrix
        1    0    0    0    0    0    0    0    1    0    0    0    2
        2    0    1    0    0    0    2    0    3    0    0    0    4
        3    0    3    0    0    0    4    0    5    0    0    0    6
        4    0    5    0    0    0    6    0    7    0    0    0    8
        5    0    7    0    0    0    8    0    9    0    0    0   10

*** _Debug_ *** Column Heights
       0       1       2       3       2       3       2       3       2       3

*** _Debug_ *** Address of Diagonal Element
       1       2       4       7      11      14      18      21      25      28      32

	TOTAL SYSTEM DATA

     NUMBER OF EQUATIONS . . . . . . . . . . . . . .(NEQ) = 10
     NUMBER OF MATRIX ELEMENTS . . . . . . . . . . .(NWK) = 31
     MAXIMUM HALF BANDWIDTH  . . . . . . . . . . . .(MK ) = 4
     MEAN HALF BANDWIDTH . . . . . . . . . . . . . .(MM ) = 3


*** _Debug_ *** Banded stiffness matrix
   2.50000e+02   3.33333e+02   0.00000e+00   2.50000e+02  -1.25000e+02  -1.25000e+02
   3.33333e+02   0.00000e+00   8.33333e+01   1.25000e+02   2.50000e+02  -1.25000e+02
  -1.25000e+02   3.33333e+02   0.00000e+00   8.33333e+01   1.25000e+02   2.50000e+02
  -1.25000e+02  -1.25000e+02   3.33333e+02   0.00000e+00   8.33333e+01   1.25000e+02
   1.25000e+02  -1.25000e+02  -1.25000e+02   1.66667e+02  -1.25000e+02   8.33333e+01
   1.25000e+02

*** _Debug_ *** Full stiffness matrix
   2.50000e+02   0.00000e+00  -1.25000e+02   1.25000e+02   0.00000e+00   0.00000e+00   0.00000e+00   0.00000e+00   0.00000e+00   0.00000e+00
   0.00000e+00   3.33333e+02  -1.25000e+02   8.33333e+01   0.00000e+00   0.00000e+00   0.00000e+00   0.00000e+00   0.00000e+00   0.00000e+00
  -1.25000e+02  -1.25000e+02   2.50000e+02   0.00000e+00  -1.25000e+02   1.25000e+02   0.00000e+00   0.00000e+00   0.00000e+00   0.00000e+00
   1.25000e+02   8.33333e+01   0.00000e+00   3.33333e+02  -1.25000e+02   8.33333e+01   0.00000e+00   0.00000e+00   0.00000e+00   0.00000e+00
   0.00000e+00   0.00000e+00  -1.25000e+02  -1.25000e+02   2.50000e+02   0.00000e+00  -1.25000e+02   1.25000e+02   0.00000e+00   0.00000e+00
   0.00000e+00   0.00000e+00   1.25000e+02   8.33333e+01   0.00000e+00   3.33333e+02  -1.25000e+02   8.33333e+01   0.00000e+00   0.00000e+00
   0.00000e+00   0.00000e+00   0.00000e+00   0.00000e+00  -1.25000e+02  -1.25000e+02   2.50000e+02   0.00000e+00  -1.25000e+02   1.25000e+02
   0.00000e+00   0.00000e+00   0.00000e+00   0.00000e+00   1.25000e+02   8.33333e+01   0.00000e+00   3.33333e+02  -1.25000e+02   8.33333e+01
   0.00000e+00   0.00000e+00   0.00000e+00   0.00000e+00   0.00000e+00   0.00000e+00  -1.25000e+02  -1.25000e+02   1.25000e+02  -1.25000e+02
   0.00000e+00   0.00000e+00   0.00000e+00   0.00000e+00   0.00000e+00   0.00000e+00   1.25000e+02   8.33333e+01  -1.25000e+02   1.66667e+02

*** _Debug_ *** Banded stiffness matrix
   2.50000e+02   3.33333e+02   0.00000e+00   1.40625e+02  -3.75000e-01  -5.00000e-01
   1.87500e+02   6.66667e-01   2.50000e-01   5.00000e-01   1.29630e+02  -2.22222e-01
  -8.88889e-01   1.26984e+02   8.57143e-01   7.57912e-17   8.88889e-01   1.26953e+02
  -1.40625e-01  -9.64286e-01   1.00160e+02   9.23077e-01  -1.87500e-01   9.64286e-01
   1.00000e+00  -9.60000e-02  -9.84615e-01   8.33333e+00  -5.00000e+00  -3.20000e-01
   9.84615e-01

*** _Debug_ *** Full stiffness matrix
   2.50000e+02   0.00000e+00  -5.00000e-01   5.00000e-01   0.00000e+00   0.00000e+00   0.00000e+00   0.00000e+00   0.00000e+00   0.00000e+00
   0.00000e+00   3.33333e+02  -3.75000e-01   2.50000e-01   0.00000e+00   0.00000e+00   0.00000e+00   0.00000e+00   0.00000e+00   0.00000e+00
  -5.00000e-01  -3.75000e-01   1.40625e+02   6.66667e-01  -8.88889e-01   8.88889e-01   0.00000e+00   0.00000e+00   0.00000e+00   0.00000e+00
   5.00000e-01   2.50000e-01   6.66667e-01   1.87500e+02  -2.22222e-01   7.57912e-17   0.00000e+00   0.00000e+00   0.00000e+00   0.00000e+00
   0.00000e+00   0.00000e+00  -8.88889e-01  -2.22222e-01   1.29630e+02   8.57143e-01  -9.64286e-01   9.64286e-01   0.00000e+00   0.00000e+00
   0.00000e+00   0.00000e+00   8.88889e-01   7.57912e-17   8.57143e-01   1.26984e+02  -1.40625e-01  -1.87500e-01   0.00000e+00   0.00000e+00
   0.00000e+00   0.00000e+00   0.00000e+00   0.00000e+00  -9.64286e-01  -1.40625e-01   1.26953e+02   9.23077e-01  -9.84615e-01   9.84615e-01
   0.00000e+00   0.00000e+00   0.00000e+00   0.00000e+00   9.64286e-01  -1.87500e-01   9.23077e-01   1.00160e+02  -9.60000e-02  -3.20000e-01
   0.00000e+00   0.00000e+00   0.00000e+00   0.00000e+00   0.00000e+00   0.00000e+00  -9.84615e-01  -9.60000e-02   1.00000e+00  -5.00000e+00
   0.00000e+00   0.00000e+00   0.00000e+00   0.00000e+00   0.00000e+00   0.00000e+00   9.84615e-01  -3.20000e-01  -5.00000e+00   8.33333e+00

 LOAD CASE    1


*** _Debug_ *** Displacement vector
  -1.04800e+01  -9.76000e+00  -3.64800e+01  -1.56800e+01  -7.12800e+01
  -1.87200e+01  -1.10080e+02  -1.98400e+01  -1.50000e+02  -2.00000e+01

 D I S P L A C E M E N T S

  NODE           X-DISPLACEMENT    Y-DISPLACEMENT    Z-DISPLACEMENT    X-ANGLE    Y-ANGLE    Z-ANGLE
    1               0.00000e+00       0.00000e+00       0.00000e+00       0.00000e+00       0.00000e+00       0.00000e+00
    2               0.00000e+00      -1.04800e+01       0.00000e+00       0.00000e+00       0.00000e+00      -9.76000e+00
    3               0.00000e+00      -3.64800e+01       0.00000e+00       0.00000e+00       0.00000e+00      -1.56800e+01
    4               0.00000e+00      -7.12800e+01       0.00000e+00       0.00000e+00       0.00000e+00      -1.87200e+01
    5               0.00000e+00      -1.10080e+02       0.00000e+00       0.00000e+00       0.00000e+00      -1.98400e+01
    6               0.00000e+00      -1.50000e+02       0.00000e+00       0.00000e+00       0.00000e+00      -2.00000e+01

 S T R E S S  C A L C U L A T I O N S  F O R  E L E M E N T  G R O U P    1

  ELEMENT             STRESS             TORSION             MOMENT_Y_1             MOMENT_Y_2             MOMENT_Z_1             MOMENT_Z_2             SHEAR_Y             SHEAR_Z
  NUMBER
    1           0.00000e+00           0.00000e+00           0.00000e+00           0.00000e+00          -4.58628e+02          -3.54705e+02          -9.00000e+01           0.00000e+00
    2           0.00000e+00           0.00000e+00           0.00000e+00           0.00000e+00          -2.87081e+02          -2.06252e+02          -7.00000e+01           0.00000e+00
    3           0.00000e+00           0.00000e+00           0.00000e+00           0.00000e+00          -1.55534e+02          -9.77992e+01          -5.00000e+01           0.00000e+00
    4           0.00000e+00           0.00000e+00           0.00000e+00           0.00000e+00          -6.39872e+01          -2.93462e+01          -3.00000e+01           0.00000e+00
    5           0.00000e+00           0.00000e+00           0.00000e+00           0.00000e+00          -1.24402e+01          -8.93164e-01          -1.00000e+01           0.00000e+00


 S O L U T I O N   T I M E   L O G   I N   S E C 

     TIME FOR INPUT PHASE = 2.01000e-03
     TIME FOR CALCULATION OF STIFFNESS MATRIX = 2.59500e-03
     TIME FOR FACTORIZATION AND LOAD CASE SOLUTIONS = 5.18000e-04

     T O T A L   S O L U T I O N   T I M E = 5.12300e-03

