TITLE : Convergence study for beam element.Mesh: 20
        (17:22:29 on June 8, 2024, Saturday)

C O N T R O L   I N F O R M A T I O N

      NUMBER OF NODAL POINTS . . . . . . . . . . (NUMNP)  =    21
      NUMBER OF ELEMENT GROUPS . . . . . . . . . (NUMEG)  =     1
      NUMBER OF LOAD CASES . . . . . . . . . . . (NLCASE) =     1
      SOLUTION MODE  . . . . . . . . . . . . . . (MODEX)  =     1
         EQ.0, DATA CHECK
         EQ.1, EXECUTION

 N O D A L   P O I N T   D A T A

    NODE       BOUNDARY                         NODAL POINT
   NUMBER  CONDITION  CODES                     COORDINATES
        1    1    1    1    1    1    1       0.00000e+00    0.00000e+00    0.00000e+00
        2    1    0    1    1    1    0       5.00000e-01    0.00000e+00    0.00000e+00
        3    1    0    1    1    1    0       1.00000e+00    0.00000e+00    0.00000e+00
        4    1    0    1    1    1    0       1.50000e+00    0.00000e+00    0.00000e+00
        5    1    0    1    1    1    0       2.00000e+00    0.00000e+00    0.00000e+00
        6    1    0    1    1    1    0       2.50000e+00    0.00000e+00    0.00000e+00
        7    1    0    1    1    1    0       3.00000e+00    0.00000e+00    0.00000e+00
        8    1    0    1    1    1    0       3.50000e+00    0.00000e+00    0.00000e+00
        9    1    0    1    1    1    0       4.00000e+00    0.00000e+00    0.00000e+00
       10    1    0    1    1    1    0       4.50000e+00    0.00000e+00    0.00000e+00
       11    1    0    1    1    1    0       5.00000e+00    0.00000e+00    0.00000e+00
       12    1    0    1    1    1    0       5.50000e+00    0.00000e+00    0.00000e+00
       13    1    0    1    1    1    0       6.00000e+00    0.00000e+00    0.00000e+00
       14    1    0    1    1    1    0       6.50000e+00    0.00000e+00    0.00000e+00
       15    1    0    1    1    1    0       7.00000e+00    0.00000e+00    0.00000e+00
       16    1    0    1    1    1    0       7.50000e+00    0.00000e+00    0.00000e+00
       17    1    0    1    1    1    0       8.00000e+00    0.00000e+00    0.00000e+00
       18    1    0    1    1    1    0       8.50000e+00    0.00000e+00    0.00000e+00
       19    1    0    1    1    1    0       9.00000e+00    0.00000e+00    0.00000e+00
       20    1    0    1    1    1    0       9.50000e+00    0.00000e+00    0.00000e+00
       21    1    0    1    1    1    0       1.00000e+01    0.00000e+00    0.00000e+00

 EQUATION NUMBERS

   NODE NUMBER   DEGREES OF FREEDOM
        N           X    Y    Z
        1           0    0    0    0    0    0
        2           0    1    0    0    0    2
        3           0    3    0    0    0    4
        4           0    5    0    0    0    6
        5           0    7    0    0    0    8
        6           0    9    0    0    0   10
        7           0   11    0    0    0   12
        8           0   13    0    0    0   14
        9           0   15    0    0    0   16
       10           0   17    0    0    0   18
       11           0   19    0    0    0   20
       12           0   21    0    0    0   22
       13           0   23    0    0    0   24
       14           0   25    0    0    0   26
       15           0   27    0    0    0   28
       16           0   29    0    0    0   30
       17           0   31    0    0    0   32
       18           0   33    0    0    0   34
       19           0   35    0    0    0   36
       20           0   37    0    0    0   38
       21           0   39    0    0    0   40

 L O A D   C A S E   D A T A

     LOAD CASE NUMBER . . . . . . . =     1
     NUMBER OF CONCENTRATED LOADS . =    23

    NODE       DIRECTION      LOAD
   NUMBER                   MAGNITUDE
      1            2       -2.50000e+00
      1            6       -2.08333e-01
      2            2       -5.00000e+00
      3            2       -5.00000e+00
      4            2       -5.00000e+00
      5            2       -5.00000e+00
      6            2       -5.00000e+00
      7            2       -5.00000e+00
      8            2       -5.00000e+00
      9            2       -5.00000e+00
     10            2       -5.00000e+00
     11            2       -5.00000e+00
     12            2       -5.00000e+00
     13            2       -5.00000e+00
     14            2       -5.00000e+00
     15            2       -5.00000e+00
     16            2       -5.00000e+00
     17            2       -5.00000e+00
     18            2       -5.00000e+00
     19            2       -5.00000e+00
     20            2       -5.00000e+00
     21            2       -2.50000e+00
     21            6        2.08333e-01

 E L E M E N T   G R O U P   D A T A


 E L E M E N T   D E F I N I T I O N

 ELEMENT TYPE  . . . . . . . . . . . . .( NPAR(1) ) . . =    5
     EQ.1, TRUSS ELEMENTS
     EQ.2, ELEMENTS CURRENTLY
     EQ.5, BEAM ELEMENTS
     EQ.3, NOT AVAILABLE

 NUMBER OF ELEMENTS. . . . . . . . . . .( NPAR(2) ) . . =   20

 M A T E R I A L   D E F I N I T I O N

 NUMBER OF DIFFERENT SETS OF MATERIAL
 AND CROSS-SECTIONAL  CONSTANTS  . . . .( NPAR(3) ) . . =    1

  SET       YOUNG'S     CROSS-SECTIONAL     MOMENT OF INERTIA     MOMENT OF INERTIA      MOMENT OF INERTIA     POISSON
 NUMBER     MODULUS          AREA             ABOUT Z AXIS      	  ABOUT Y AXIS		   		 POLAR        	  RATIO
               E              A					  Iz					   Iy				 	   Jp		        v
    1     1.00000e+03     1.00000e+00     8.33333e-02     8.33333e-02     0.00000e+00     3.00000e-010.00000e+001.00000e+000.00000e+00


 E L E M E N T   I N F O R M A T I O N
 ELEMENT     NODE     NODE       MATERIAL
 NUMBER-N      I        J       SET NUMBER
    1          1        2           1
    2          2        3           1
    3          3        4           1
    4          4        5           1
    5          5        6           1
    6          6        7           1
    7          7        8           1
    8          8        9           1
    9          9       10           1
   10         10       11           1
   11         11       12           1
   12         12       13           1
   13         13       14           1
   14         14       15           1
   15         15       16           1
   16         16       17           1
   17         17       18           1
   18         18       19           1
   19         19       20           1
   20         20       21           1

   Ele =        Location Matrix
        1    0    0    0    0    0    0    0    1    0    0    0    2
        2    0    1    0    0    0    2    0    3    0    0    0    4
        3    0    3    0    0    0    4    0    5    0    0    0    6
        4    0    5    0    0    0    6    0    7    0    0    0    8
        5    0    7    0    0    0    8    0    9    0    0    0   10
        6    0    9    0    0    0   10    0   11    0    0    0   12
        7    0   11    0    0    0   12    0   13    0    0    0   14
        8    0   13    0    0    0   14    0   15    0    0    0   16
        9    0   15    0    0    0   16    0   17    0    0    0   18
       10    0   17    0    0    0   18    0   19    0    0    0   20
       11    0   19    0    0    0   20    0   21    0    0    0   22
       12    0   21    0    0    0   22    0   23    0    0    0   24
       13    0   23    0    0    0   24    0   25    0    0    0   26
       14    0   25    0    0    0   26    0   27    0    0    0   28
       15    0   27    0    0    0   28    0   29    0    0    0   30
       16    0   29    0    0    0   30    0   31    0    0    0   32
       17    0   31    0    0    0   32    0   33    0    0    0   34
       18    0   33    0    0    0   34    0   35    0    0    0   36
       19    0   35    0    0    0   36    0   37    0    0    0   38
       20    0   37    0    0    0   38    0   39    0    0    0   40

*** _Debug_ *** Column Heights
       0       1       2       3       2       3       2       3       2       3       2       3       2       3       2       3       2       3       2       3       2       3       2       3       2       3       2       3       2       3       2       3       2       3       2       3       2       3       2       3

*** _Debug_ *** Address of Diagonal Element
       1       2       4       7      11      14      18      21      25      28      32      35      39      42      46      49      53      56      60      63      67      70      74      77      81      84      88      91      95      98     102     105     109     112     116     119     123     126     130     133     137

	TOTAL SYSTEM DATA

     NUMBER OF EQUATIONS . . . . . . . . . . . . . .(NEQ) = 40
     NUMBER OF MATRIX ELEMENTS . . . . . . . . . . .(NWK) = 136
     MAXIMUM HALF BANDWIDTH  . . . . . . . . . . . .(MK ) = 4
     MEAN HALF BANDWIDTH . . . . . . . . . . . . . .(MM ) = 3


*** _Debug_ *** Banded stiffness matrix
   1.60000e+04   1.33333e+03   0.00000e+00   1.60000e+04  -2.00000e+03  -8.00000e+03
   1.33333e+03   0.00000e+00   3.33333e+02   2.00000e+03   1.60000e+04  -2.00000e+03
  -8.00000e+03   1.33333e+03   0.00000e+00   3.33333e+02   2.00000e+03   1.60000e+04
  -2.00000e+03  -8.00000e+03   1.33333e+03   0.00000e+00   3.33333e+02   2.00000e+03
   1.60000e+04  -2.00000e+03  -8.00000e+03   1.33333e+03   0.00000e+00   3.33333e+02
   2.00000e+03   1.60000e+04  -2.00000e+03  -8.00000e+03   1.33333e+03   0.00000e+00
   3.33333e+02   2.00000e+03   1.60000e+04  -2.00000e+03  -8.00000e+03   1.33333e+03
   0.00000e+00   3.33333e+02   2.00000e+03   1.60000e+04  -2.00000e+03  -8.00000e+03
   1.33333e+03   0.00000e+00   3.33333e+02   2.00000e+03   1.60000e+04  -2.00000e+03
  -8.00000e+03   1.33333e+03   0.00000e+00   3.33333e+02   2.00000e+03   1.60000e+04
  -2.00000e+03  -8.00000e+03   1.33333e+03   0.00000e+00   3.33333e+02   2.00000e+03
   1.60000e+04  -2.00000e+03  -8.00000e+03   1.33333e+03   0.00000e+00   3.33333e+02
   2.00000e+03   1.60000e+04  -2.00000e+03  -8.00000e+03   1.33333e+03   0.00000e+00
   3.33333e+02   2.00000e+03   1.60000e+04  -2.00000e+03  -8.00000e+03   1.33333e+03
   0.00000e+00   3.33333e+02   2.00000e+03   1.60000e+04  -2.00000e+03  -8.00000e+03
   1.33333e+03   0.00000e+00   3.33333e+02   2.00000e+03   1.60000e+04  -2.00000e+03
  -8.00000e+03   1.33333e+03   0.00000e+00   3.33333e+02   2.00000e+03   1.60000e+04
  -2.00000e+03  -8.00000e+03   1.33333e+03   0.00000e+00   3.33333e+02   2.00000e+03
   1.60000e+04  -2.00000e+03  -8.00000e+03   1.33333e+03   0.00000e+00   3.33333e+02
   2.00000e+03   1.60000e+04  -2.00000e+03  -8.00000e+03   1.33333e+03   0.00000e+00
   3.33333e+02   2.00000e+03   1.60000e+04  -2.00000e+03  -8.00000e+03   1.33333e+03
   0.00000e+00   3.33333e+02   2.00000e+03   8.00000e+03  -2.00000e+03  -8.00000e+03
   6.66667e+02  -2.00000e+03   3.33333e+02   2.00000e+03

*** _Debug_ *** Full stiffness matrix
   1.60000e+04   0.00000e+00  -8.00000e+03   2.00000e+03   0.00000e+00   0.00000e+00   0.00000e+00   0.00000e+00   0.00000e+00   0.00000e+00   0.00000e+00   0.00000e+00   0.00000e+00   0.00000e+00   0.00000e+00   0.00000e+00   0.00000e+00   0.00000e+00   0.00000e+00   0.00000e+00   0.00000e+00   0.00000e+00   0.00000e+00   0.00000e+00   0.00000e+00   0.00000e+00   0.00000e+00   0.00000e+00   0.00000e+00   0.00000e+00   0.00000e+00   0.00000e+00   0.00000e+00   0.00000e+00   0.00000e+00   0.00000e+00   0.00000e+00   0.00000e+00   0.00000e+00   0.00000e+00
   0.00000e+00   1.33333e+03  -2.00000e+03   3.33333e+02   0.00000e+00   0.00000e+00   0.00000e+00   0.00000e+00   0.00000e+00   0.00000e+00   0.00000e+00   0.00000e+00   0.00000e+00   0.00000e+00   0.00000e+00   0.00000e+00   0.00000e+00   0.00000e+00   0.00000e+00   0.00000e+00   0.00000e+00   0.00000e+00   0.00000e+00   0.00000e+00   0.00000e+00   0.00000e+00   0.00000e+00   0.00000e+00   0.00000e+00   0.00000e+00   0.00000e+00   0.00000e+00   0.00000e+00   0.00000e+00   0.00000e+00   0.00000e+00   0.00000e+00   0.00000e+00   0.00000e+00   0.00000e+00
  -8.00000e+03  -2.00000e+03   1.60000e+04   0.00000e+00  -8.00000e+03   2.00000e+03   0.00000e+00   0.00000e+00   0.00000e+00   0.00000e+00   0.00000e+00   0.00000e+00   0.00000e+00   0.00000e+00   0.00000e+00   0.00000e+00   0.00000e+00   0.00000e+00   0.00000e+00   0.00000e+00   0.00000e+00   0.00000e+00   0.00000e+00   0.00000e+00   0.00000e+00   0.00000e+00   0.00000e+00   0.00000e+00   0.00000e+00   0.00000e+00   0.00000e+00   0.00000e+00   0.00000e+00   0.00000e+00   0.00000e+00   0.00000e+00   0.00000e+00   0.00000e+00   0.00000e+00   0.00000e+00
   2.00000e+03   3.33333e+02   0.00000e+00   1.33333e+03  -2.00000e+03   3.33333e+02   0.00000e+00   0.00000e+00   0.00000e+00   0.00000e+00   0.00000e+00   0.00000e+00   0.00000e+00   0.00000e+00   0.00000e+00   0.00000e+00   0.00000e+00   0.00000e+00   0.00000e+00   0.00000e+00   0.00000e+00   0.00000e+00   0.00000e+00   0.00000e+00   0.00000e+00   0.00000e+00   0.00000e+00   0.00000e+00   0.00000e+00   0.00000e+00   0.00000e+00   0.00000e+00   0.00000e+00   0.00000e+00   0.00000e+00   0.00000e+00   0.00000e+00   0.00000e+00   0.00000e+00   0.00000e+00
   0.00000e+00   0.00000e+00  -8.00000e+03  -2.00000e+03   1.60000e+04   0.00000e+00  -8.00000e+03   2.00000e+03   0.00000e+00   0.00000e+00   0.00000e+00   0.00000e+00   0.00000e+00   0.00000e+00   0.00000e+00   0.00000e+00   0.00000e+00   0.00000e+00   0.00000e+00   0.00000e+00   0.00000e+00   0.00000e+00   0.00000e+00   0.00000e+00   0.00000e+00   0.00000e+00   0.00000e+00   0.00000e+00   0.00000e+00   0.00000e+00   0.00000e+00   0.00000e+00   0.00000e+00   0.00000e+00   0.00000e+00   0.00000e+00   0.00000e+00   0.00000e+00   0.00000e+00   0.00000e+00
   0.00000e+00   0.00000e+00   2.00000e+03   3.33333e+02   0.00000e+00   1.33333e+03  -2.00000e+03   3.33333e+02   0.00000e+00   0.00000e+00   0.00000e+00   0.00000e+00   0.00000e+00   0.00000e+00   0.00000e+00   0.00000e+00   0.00000e+00   0.00000e+00   0.00000e+00   0.00000e+00   0.00000e+00   0.00000e+00   0.00000e+00   0.00000e+00   0.00000e+00   0.00000e+00   0.00000e+00   0.00000e+00   0.00000e+00   0.00000e+00   0.00000e+00   0.00000e+00   0.00000e+00   0.00000e+00   0.00000e+00   0.00000e+00   0.00000e+00   0.00000e+00   0.00000e+00   0.00000e+00
   0.00000e+00   0.00000e+00   0.00000e+00   0.00000e+00  -8.00000e+03  -2.00000e+03   1.60000e+04   0.00000e+00  -8.00000e+03   2.00000e+03   0.00000e+00   0.00000e+00   0.00000e+00   0.00000e+00   0.00000e+00   0.00000e+00   0.00000e+00   0.00000e+00   0.00000e+00   0.00000e+00   0.00000e+00   0.00000e+00   0.00000e+00   0.00000e+00   0.00000e+00   0.00000e+00   0.00000e+00   0.00000e+00   0.00000e+00   0.00000e+00   0.00000e+00   0.00000e+00   0.00000e+00   0.00000e+00   0.00000e+00   0.00000e+00   0.00000e+00   0.00000e+00   0.00000e+00   0.00000e+00
   0.00000e+00   0.00000e+00   0.00000e+00   0.00000e+00   2.00000e+03   3.33333e+02   0.00000e+00   1.33333e+03  -2.00000e+03   3.33333e+02   0.00000e+00   0.00000e+00   0.00000e+00   0.00000e+00   0.00000e+00   0.00000e+00   0.00000e+00   0.00000e+00   0.00000e+00   0.00000e+00   0.00000e+00   0.00000e+00   0.00000e+00   0.00000e+00   0.00000e+00   0.00000e+00   0.00000e+00   0.00000e+00   0.00000e+00   0.00000e+00   0.00000e+00   0.00000e+00   0.00000e+00   0.00000e+00   0.00000e+00   0.00000e+00   0.00000e+00   0.00000e+00   0.00000e+00   0.00000e+00
   0.00000e+00   0.00000e+00   0.00000e+00   0.00000e+00   0.00000e+00   0.00000e+00  -8.00000e+03  -2.00000e+03   1.60000e+04   0.00000e+00  -8.00000e+03   2.00000e+03   0.00000e+00   0.00000e+00   0.00000e+00   0.00000e+00   0.00000e+00   0.00000e+00   0.00000e+00   0.00000e+00   0.00000e+00   0.00000e+00   0.00000e+00   0.00000e+00   0.00000e+00   0.00000e+00   0.00000e+00   0.00000e+00   0.00000e+00   0.00000e+00   0.00000e+00   0.00000e+00   0.00000e+00   0.00000e+00   0.00000e+00   0.00000e+00   0.00000e+00   0.00000e+00   0.00000e+00   0.00000e+00
   0.00000e+00   0.00000e+00   0.00000e+00   0.00000e+00   0.00000e+00   0.00000e+00   2.00000e+03   3.33333e+02   0.00000e+00   1.33333e+03  -2.00000e+03   3.33333e+02   0.00000e+00   0.00000e+00   0.00000e+00   0.00000e+00   0.00000e+00   0.00000e+00   0.00000e+00   0.00000e+00   0.00000e+00   0.00000e+00   0.00000e+00   0.00000e+00   0.00000e+00   0.00000e+00   0.00000e+00   0.00000e+00   0.00000e+00   0.00000e+00   0.00000e+00   0.00000e+00   0.00000e+00   0.00000e+00   0.00000e+00   0.00000e+00   0.00000e+00   0.00000e+00   0.00000e+00   0.00000e+00
   0.00000e+00   0.00000e+00   0.00000e+00   0.00000e+00   0.00000e+00   0.00000e+00   0.00000e+00   0.00000e+00  -8.00000e+03  -2.00000e+03   1.60000e+04   0.00000e+00  -8.00000e+03   2.00000e+03   0.00000e+00   0.00000e+00   0.00000e+00   0.00000e+00   0.00000e+00   0.00000e+00   0.00000e+00   0.00000e+00   0.00000e+00   0.00000e+00   0.00000e+00   0.00000e+00   0.00000e+00   0.00000e+00   0.00000e+00   0.00000e+00   0.00000e+00   0.00000e+00   0.00000e+00   0.00000e+00   0.00000e+00   0.00000e+00   0.00000e+00   0.00000e+00   0.00000e+00   0.00000e+00
   0.00000e+00   0.00000e+00   0.00000e+00   0.00000e+00   0.00000e+00   0.00000e+00   0.00000e+00   0.00000e+00   2.00000e+03   3.33333e+02   0.00000e+00   1.33333e+03  -2.00000e+03   3.33333e+02   0.00000e+00   0.00000e+00   0.00000e+00   0.00000e+00   0.00000e+00   0.00000e+00   0.00000e+00   0.00000e+00   0.00000e+00   0.00000e+00   0.00000e+00   0.00000e+00   0.00000e+00   0.00000e+00   0.00000e+00   0.00000e+00   0.00000e+00   0.00000e+00   0.00000e+00   0.00000e+00   0.00000e+00   0.00000e+00   0.00000e+00   0.00000e+00   0.00000e+00   0.00000e+00
   0.00000e+00   0.00000e+00   0.00000e+00   0.00000e+00   0.00000e+00   0.00000e+00   0.00000e+00   0.00000e+00   0.00000e+00   0.00000e+00  -8.00000e+03  -2.00000e+03   1.60000e+04   0.00000e+00  -8.00000e+03   2.00000e+03   0.00000e+00   0.00000e+00   0.00000e+00   0.00000e+00   0.00000e+00   0.00000e+00   0.00000e+00   0.00000e+00   0.00000e+00   0.00000e+00   0.00000e+00   0.00000e+00   0.00000e+00   0.00000e+00   0.00000e+00   0.00000e+00   0.00000e+00   0.00000e+00   0.00000e+00   0.00000e+00   0.00000e+00   0.00000e+00   0.00000e+00   0.00000e+00
   0.00000e+00   0.00000e+00   0.00000e+00   0.00000e+00   0.00000e+00   0.00000e+00   0.00000e+00   0.00000e+00   0.00000e+00   0.00000e+00   2.00000e+03   3.33333e+02   0.00000e+00   1.33333e+03  -2.00000e+03   3.33333e+02   0.00000e+00   0.00000e+00   0.00000e+00   0.00000e+00   0.00000e+00   0.00000e+00   0.00000e+00   0.00000e+00   0.00000e+00   0.00000e+00   0.00000e+00   0.00000e+00   0.00000e+00   0.00000e+00   0.00000e+00   0.00000e+00   0.00000e+00   0.00000e+00   0.00000e+00   0.00000e+00   0.00000e+00   0.00000e+00   0.00000e+00   0.00000e+00
   0.00000e+00   0.00000e+00   0.00000e+00   0.00000e+00   0.00000e+00   0.00000e+00   0.00000e+00   0.00000e+00   0.00000e+00   0.00000e+00   0.00000e+00   0.00000e+00  -8.00000e+03  -2.00000e+03   1.60000e+04   0.00000e+00  -8.00000e+03   2.00000e+03   0.00000e+00   0.00000e+00   0.00000e+00   0.00000e+00   0.00000e+00   0.00000e+00   0.00000e+00   0.00000e+00   0.00000e+00   0.00000e+00   0.00000e+00   0.00000e+00   0.00000e+00   0.00000e+00   0.00000e+00   0.00000e+00   0.00000e+00   0.00000e+00   0.00000e+00   0.00000e+00   0.00000e+00   0.00000e+00
   0.00000e+00   0.00000e+00   0.00000e+00   0.00000e+00   0.00000e+00   0.00000e+00   0.00000e+00   0.00000e+00   0.00000e+00   0.00000e+00   0.00000e+00   0.00000e+00   2.00000e+03   3.33333e+02   0.00000e+00   1.33333e+03  -2.00000e+03   3.33333e+02   0.00000e+00   0.00000e+00   0.00000e+00   0.00000e+00   0.00000e+00   0.00000e+00   0.00000e+00   0.00000e+00   0.00000e+00   0.00000e+00   0.00000e+00   0.00000e+00   0.00000e+00   0.00000e+00   0.00000e+00   0.00000e+00   0.00000e+00   0.00000e+00   0.00000e+00   0.00000e+00   0.00000e+00   0.00000e+00
   0.00000e+00   0.00000e+00   0.00000e+00   0.00000e+00   0.00000e+00   0.00000e+00   0.00000e+00   0.00000e+00   0.00000e+00   0.00000e+00   0.00000e+00   0.00000e+00   0.00000e+00   0.00000e+00  -8.00000e+03  -2.00000e+03   1.60000e+04   0.00000e+00  -8.00000e+03   2.00000e+03   0.00000e+00   0.00000e+00   0.00000e+00   0.00000e+00   0.00000e+00   0.00000e+00   0.00000e+00   0.00000e+00   0.00000e+00   0.00000e+00   0.00000e+00   0.00000e+00   0.00000e+00   0.00000e+00   0.00000e+00   0.00000e+00   0.00000e+00   0.00000e+00   0.00000e+00   0.00000e+00
   0.00000e+00   0.00000e+00   0.00000e+00   0.00000e+00   0.00000e+00   0.00000e+00   0.00000e+00   0.00000e+00   0.00000e+00   0.00000e+00   0.00000e+00   0.00000e+00   0.00000e+00   0.00000e+00   2.00000e+03   3.33333e+02   0.00000e+00   1.33333e+03  -2.00000e+03   3.33333e+02   0.00000e+00   0.00000e+00   0.00000e+00   0.00000e+00   0.00000e+00   0.00000e+00   0.00000e+00   0.00000e+00   0.00000e+00   0.00000e+00   0.00000e+00   0.00000e+00   0.00000e+00   0.00000e+00   0.00000e+00   0.00000e+00   0.00000e+00   0.00000e+00   0.00000e+00   0.00000e+00
   0.00000e+00   0.00000e+00   0.00000e+00   0.00000e+00   0.00000e+00   0.00000e+00   0.00000e+00   0.00000e+00   0.00000e+00   0.00000e+00   0.00000e+00   0.00000e+00   0.00000e+00   0.00000e+00   0.00000e+00   0.00000e+00  -8.00000e+03  -2.00000e+03   1.60000e+04   0.00000e+00  -8.00000e+03   2.00000e+03   0.00000e+00   0.00000e+00   0.00000e+00   0.00000e+00   0.00000e+00   0.00000e+00   0.00000e+00   0.00000e+00   0.00000e+00   0.00000e+00   0.00000e+00   0.00000e+00   0.00000e+00   0.00000e+00   0.00000e+00   0.00000e+00   0.00000e+00   0.00000e+00
   0.00000e+00   0.00000e+00   0.00000e+00   0.00000e+00   0.00000e+00   0.00000e+00   0.00000e+00   0.00000e+00   0.00000e+00   0.00000e+00   0.00000e+00   0.00000e+00   0.00000e+00   0.00000e+00   0.00000e+00   0.00000e+00   2.00000e+03   3.33333e+02   0.00000e+00   1.33333e+03  -2.00000e+03   3.33333e+02   0.00000e+00   0.00000e+00   0.00000e+00   0.00000e+00   0.00000e+00   0.00000e+00   0.00000e+00   0.00000e+00   0.00000e+00   0.00000e+00   0.00000e+00   0.00000e+00   0.00000e+00   0.00000e+00   0.00000e+00   0.00000e+00   0.00000e+00   0.00000e+00
   0.00000e+00   0.00000e+00   0.00000e+00   0.00000e+00   0.00000e+00   0.00000e+00   0.00000e+00   0.00000e+00   0.00000e+00   0.00000e+00   0.00000e+00   0.00000e+00   0.00000e+00   0.00000e+00   0.00000e+00   0.00000e+00   0.00000e+00   0.00000e+00  -8.00000e+03  -2.00000e+03   1.60000e+04   0.00000e+00  -8.00000e+03   2.00000e+03   0.00000e+00   0.00000e+00   0.00000e+00   0.00000e+00   0.00000e+00   0.00000e+00   0.00000e+00   0.00000e+00   0.00000e+00   0.00000e+00   0.00000e+00   0.00000e+00   0.00000e+00   0.00000e+00   0.00000e+00   0.00000e+00
   0.00000e+00   0.00000e+00   0.00000e+00   0.00000e+00   0.00000e+00   0.00000e+00   0.00000e+00   0.00000e+00   0.00000e+00   0.00000e+00   0.00000e+00   0.00000e+00   0.00000e+00   0.00000e+00   0.00000e+00   0.00000e+00   0.00000e+00   0.00000e+00   2.00000e+03   3.33333e+02   0.00000e+00   1.33333e+03  -2.00000e+03   3.33333e+02   0.00000e+00   0.00000e+00   0.00000e+00   0.00000e+00   0.00000e+00   0.00000e+00   0.00000e+00   0.00000e+00   0.00000e+00   0.00000e+00   0.00000e+00   0.00000e+00   0.00000e+00   0.00000e+00   0.00000e+00   0.00000e+00
   0.00000e+00   0.00000e+00   0.00000e+00   0.00000e+00   0.00000e+00   0.00000e+00   0.00000e+00   0.00000e+00   0.00000e+00   0.00000e+00   0.00000e+00   0.00000e+00   0.00000e+00   0.00000e+00   0.00000e+00   0.00000e+00   0.00000e+00   0.00000e+00   0.00000e+00   0.00000e+00  -8.00000e+03  -2.00000e+03   1.60000e+04   0.00000e+00  -8.00000e+03   2.00000e+03   0.00000e+00   0.00000e+00   0.00000e+00   0.00000e+00   0.00000e+00   0.00000e+00   0.00000e+00   0.00000e+00   0.00000e+00   0.00000e+00   0.00000e+00   0.00000e+00   0.00000e+00   0.00000e+00
   0.00000e+00   0.00000e+00   0.00000e+00   0.00000e+00   0.00000e+00   0.00000e+00   0.00000e+00   0.00000e+00   0.00000e+00   0.00000e+00   0.00000e+00   0.00000e+00   0.00000e+00   0.00000e+00   0.00000e+00   0.00000e+00   0.00000e+00   0.00000e+00   0.00000e+00   0.00000e+00   2.00000e+03   3.33333e+02   0.00000e+00   1.33333e+03  -2.00000e+03   3.33333e+02   0.00000e+00   0.00000e+00   0.00000e+00   0.00000e+00   0.00000e+00   0.00000e+00   0.00000e+00   0.00000e+00   0.00000e+00   0.00000e+00   0.00000e+00   0.00000e+00   0.00000e+00   0.00000e+00
   0.00000e+00   0.00000e+00   0.00000e+00   0.00000e+00   0.00000e+00   0.00000e+00   0.00000e+00   0.00000e+00   0.00000e+00   0.00000e+00   0.00000e+00   0.00000e+00   0.00000e+00   0.00000e+00   0.00000e+00   0.00000e+00   0.00000e+00   0.00000e+00   0.00000e+00   0.00000e+00   0.00000e+00   0.00000e+00  -8.00000e+03  -2.00000e+03   1.60000e+04   0.00000e+00  -8.00000e+03   2.00000e+03   0.00000e+00   0.00000e+00   0.00000e+00   0.00000e+00   0.00000e+00   0.00000e+00   0.00000e+00   0.00000e+00   0.00000e+00   0.00000e+00   0.00000e+00   0.00000e+00
   0.00000e+00   0.00000e+00   0.00000e+00   0.00000e+00   0.00000e+00   0.00000e+00   0.00000e+00   0.00000e+00   0.00000e+00   0.00000e+00   0.00000e+00   0.00000e+00   0.00000e+00   0.00000e+00   0.00000e+00   0.00000e+00   0.00000e+00   0.00000e+00   0.00000e+00   0.00000e+00   0.00000e+00   0.00000e+00   2.00000e+03   3.33333e+02   0.00000e+00   1.33333e+03  -2.00000e+03   3.33333e+02   0.00000e+00   0.00000e+00   0.00000e+00   0.00000e+00   0.00000e+00   0.00000e+00   0.00000e+00   0.00000e+00   0.00000e+00   0.00000e+00   0.00000e+00   0.00000e+00
   0.00000e+00   0.00000e+00   0.00000e+00   0.00000e+00   0.00000e+00   0.00000e+00   0.00000e+00   0.00000e+00   0.00000e+00   0.00000e+00   0.00000e+00   0.00000e+00   0.00000e+00   0.00000e+00   0.00000e+00   0.00000e+00   0.00000e+00   0.00000e+00   0.00000e+00   0.00000e+00   0.00000e+00   0.00000e+00   0.00000e+00   0.00000e+00  -8.00000e+03  -2.00000e+03   1.60000e+04   0.00000e+00  -8.00000e+03   2.00000e+03   0.00000e+00   0.00000e+00   0.00000e+00   0.00000e+00   0.00000e+00   0.00000e+00   0.00000e+00   0.00000e+00   0.00000e+00   0.00000e+00
   0.00000e+00   0.00000e+00   0.00000e+00   0.00000e+00   0.00000e+00   0.00000e+00   0.00000e+00   0.00000e+00   0.00000e+00   0.00000e+00   0.00000e+00   0.00000e+00   0.00000e+00   0.00000e+00   0.00000e+00   0.00000e+00   0.00000e+00   0.00000e+00   0.00000e+00   0.00000e+00   0.00000e+00   0.00000e+00   0.00000e+00   0.00000e+00   2.00000e+03   3.33333e+02   0.00000e+00   1.33333e+03  -2.00000e+03   3.33333e+02   0.00000e+00   0.00000e+00   0.00000e+00   0.00000e+00   0.00000e+00   0.00000e+00   0.00000e+00   0.00000e+00   0.00000e+00   0.00000e+00
   0.00000e+00   0.00000e+00   0.00000e+00   0.00000e+00   0.00000e+00   0.00000e+00   0.00000e+00   0.00000e+00   0.00000e+00   0.00000e+00   0.00000e+00   0.00000e+00   0.00000e+00   0.00000e+00   0.00000e+00   0.00000e+00   0.00000e+00   0.00000e+00   0.00000e+00   0.00000e+00   0.00000e+00   0.00000e+00   0.00000e+00   0.00000e+00   0.00000e+00   0.00000e+00  -8.00000e+03  -2.00000e+03   1.60000e+04   0.00000e+00  -8.00000e+03   2.00000e+03   0.00000e+00   0.00000e+00   0.00000e+00   0.00000e+00   0.00000e+00   0.00000e+00   0.00000e+00   0.00000e+00
   0.00000e+00   0.00000e+00   0.00000e+00   0.00000e+00   0.00000e+00   0.00000e+00   0.00000e+00   0.00000e+00   0.00000e+00   0.00000e+00   0.00000e+00   0.00000e+00   0.00000e+00   0.00000e+00   0.00000e+00   0.00000e+00   0.00000e+00   0.00000e+00   0.00000e+00   0.00000e+00   0.00000e+00   0.00000e+00   0.00000e+00   0.00000e+00   0.00000e+00   0.00000e+00   2.00000e+03   3.33333e+02   0.00000e+00   1.33333e+03  -2.00000e+03   3.33333e+02   0.00000e+00   0.00000e+00   0.00000e+00   0.00000e+00   0.00000e+00   0.00000e+00   0.00000e+00   0.00000e+00
   0.00000e+00   0.00000e+00   0.00000e+00   0.00000e+00   0.00000e+00   0.00000e+00   0.00000e+00   0.00000e+00   0.00000e+00   0.00000e+00   0.00000e+00   0.00000e+00   0.00000e+00   0.00000e+00   0.00000e+00   0.00000e+00   0.00000e+00   0.00000e+00   0.00000e+00   0.00000e+00   0.00000e+00   0.00000e+00   0.00000e+00   0.00000e+00   0.00000e+00   0.00000e+00   0.00000e+00   0.00000e+00  -8.00000e+03  -2.00000e+03   1.60000e+04   0.00000e+00  -8.00000e+03   2.00000e+03   0.00000e+00   0.00000e+00   0.00000e+00   0.00000e+00   0.00000e+00   0.00000e+00
   0.00000e+00   0.00000e+00   0.00000e+00   0.00000e+00   0.00000e+00   0.00000e+00   0.00000e+00   0.00000e+00   0.00000e+00   0.00000e+00   0.00000e+00   0.00000e+00   0.00000e+00   0.00000e+00   0.00000e+00   0.00000e+00   0.00000e+00   0.00000e+00   0.00000e+00   0.00000e+00   0.00000e+00   0.00000e+00   0.00000e+00   0.00000e+00   0.00000e+00   0.00000e+00   0.00000e+00   0.00000e+00   2.00000e+03   3.33333e+02   0.00000e+00   1.33333e+03  -2.00000e+03   3.33333e+02   0.00000e+00   0.00000e+00   0.00000e+00   0.00000e+00   0.00000e+00   0.00000e+00
   0.00000e+00   0.00000e+00   0.00000e+00   0.00000e+00   0.00000e+00   0.00000e+00   0.00000e+00   0.00000e+00   0.00000e+00   0.00000e+00   0.00000e+00   0.00000e+00   0.00000e+00   0.00000e+00   0.00000e+00   0.00000e+00   0.00000e+00   0.00000e+00   0.00000e+00   0.00000e+00   0.00000e+00   0.00000e+00   0.00000e+00   0.00000e+00   0.00000e+00   0.00000e+00   0.00000e+00   0.00000e+00   0.00000e+00   0.00000e+00  -8.00000e+03  -2.00000e+03   1.60000e+04   0.00000e+00  -8.00000e+03   2.00000e+03   0.00000e+00   0.00000e+00   0.00000e+00   0.00000e+00
   0.00000e+00   0.00000e+00   0.00000e+00   0.00000e+00   0.00000e+00   0.00000e+00   0.00000e+00   0.00000e+00   0.00000e+00   0.00000e+00   0.00000e+00   0.00000e+00   0.00000e+00   0.00000e+00   0.00000e+00   0.00000e+00   0.00000e+00   0.00000e+00   0.00000e+00   0.00000e+00   0.00000e+00   0.00000e+00   0.00000e+00   0.00000e+00   0.00000e+00   0.00000e+00   0.00000e+00   0.00000e+00   0.00000e+00   0.00000e+00   2.00000e+03   3.33333e+02   0.00000e+00   1.33333e+03  -2.00000e+03   3.33333e+02   0.00000e+00   0.00000e+00   0.00000e+00   0.00000e+00
   0.00000e+00   0.00000e+00   0.00000e+00   0.00000e+00   0.00000e+00   0.00000e+00   0.00000e+00   0.00000e+00   0.00000e+00   0.00000e+00   0.00000e+00   0.00000e+00   0.00000e+00   0.00000e+00   0.00000e+00   0.00000e+00   0.00000e+00   0.00000e+00   0.00000e+00   0.00000e+00   0.00000e+00   0.00000e+00   0.00000e+00   0.00000e+00   0.00000e+00   0.00000e+00   0.00000e+00   0.00000e+00   0.00000e+00   0.00000e+00   0.00000e+00   0.00000e+00  -8.00000e+03  -2.00000e+03   1.60000e+04   0.00000e+00  -8.00000e+03   2.00000e+03   0.00000e+00   0.00000e+00
   0.00000e+00   0.00000e+00   0.00000e+00   0.00000e+00   0.00000e+00   0.00000e+00   0.00000e+00   0.00000e+00   0.00000e+00   0.00000e+00   0.00000e+00   0.00000e+00   0.00000e+00   0.00000e+00   0.00000e+00   0.00000e+00   0.00000e+00   0.00000e+00   0.00000e+00   0.00000e+00   0.00000e+00   0.00000e+00   0.00000e+00   0.00000e+00   0.00000e+00   0.00000e+00   0.00000e+00   0.00000e+00   0.00000e+00   0.00000e+00   0.00000e+00   0.00000e+00   2.00000e+03   3.33333e+02   0.00000e+00   1.33333e+03  -2.00000e+03   3.33333e+02   0.00000e+00   0.00000e+00
   0.00000e+00   0.00000e+00   0.00000e+00   0.00000e+00   0.00000e+00   0.00000e+00   0.00000e+00   0.00000e+00   0.00000e+00   0.00000e+00   0.00000e+00   0.00000e+00   0.00000e+00   0.00000e+00   0.00000e+00   0.00000e+00   0.00000e+00   0.00000e+00   0.00000e+00   0.00000e+00   0.00000e+00   0.00000e+00   0.00000e+00   0.00000e+00   0.00000e+00   0.00000e+00   0.00000e+00   0.00000e+00   0.00000e+00   0.00000e+00   0.00000e+00   0.00000e+00   0.00000e+00   0.00000e+00  -8.00000e+03  -2.00000e+03   1.60000e+04   0.00000e+00  -8.00000e+03   2.00000e+03
   0.00000e+00   0.00000e+00   0.00000e+00   0.00000e+00   0.00000e+00   0.00000e+00   0.00000e+00   0.00000e+00   0.00000e+00   0.00000e+00   0.00000e+00   0.00000e+00   0.00000e+00   0.00000e+00   0.00000e+00   0.00000e+00   0.00000e+00   0.00000e+00   0.00000e+00   0.00000e+00   0.00000e+00   0.00000e+00   0.00000e+00   0.00000e+00   0.00000e+00   0.00000e+00   0.00000e+00   0.00000e+00   0.00000e+00   0.00000e+00   0.00000e+00   0.00000e+00   0.00000e+00   0.00000e+00   2.00000e+03   3.33333e+02   0.00000e+00   1.33333e+03  -2.00000e+03   3.33333e+02
   0.00000e+00   0.00000e+00   0.00000e+00   0.00000e+00   0.00000e+00   0.00000e+00   0.00000e+00   0.00000e+00   0.00000e+00   0.00000e+00   0.00000e+00   0.00000e+00   0.00000e+00   0.00000e+00   0.00000e+00   0.00000e+00   0.00000e+00   0.00000e+00   0.00000e+00   0.00000e+00   0.00000e+00   0.00000e+00   0.00000e+00   0.00000e+00   0.00000e+00   0.00000e+00   0.00000e+00   0.00000e+00   0.00000e+00   0.00000e+00   0.00000e+00   0.00000e+00   0.00000e+00   0.00000e+00   0.00000e+00   0.00000e+00  -8.00000e+03  -2.00000e+03   8.00000e+03  -2.00000e+03
   0.00000e+00   0.00000e+00   0.00000e+00   0.00000e+00   0.00000e+00   0.00000e+00   0.00000e+00   0.00000e+00   0.00000e+00   0.00000e+00   0.00000e+00   0.00000e+00   0.00000e+00   0.00000e+00   0.00000e+00   0.00000e+00   0.00000e+00   0.00000e+00   0.00000e+00   0.00000e+00   0.00000e+00   0.00000e+00   0.00000e+00   0.00000e+00   0.00000e+00   0.00000e+00   0.00000e+00   0.00000e+00   0.00000e+00   0.00000e+00   0.00000e+00   0.00000e+00   0.00000e+00   0.00000e+00   0.00000e+00   0.00000e+00   2.00000e+03   3.33333e+02  -2.00000e+03   6.66667e+02

*** _Debug_ *** Banded stiffness matrix
   1.60000e+04   1.33333e+03   0.00000e+00   9.00000e+03  -1.50000e+00  -5.00000e-01
   7.50000e+02   1.66667e-01   2.50000e-01   1.25000e-01   8.29630e+03  -8.88889e-01
  -8.88889e-01   5.07937e+02   2.14286e-01   7.57912e-17   2.22222e-01   8.12500e+03
  -5.62500e-01  -9.64286e-01   4.00641e+02   2.30769e-01  -1.87500e-01   2.41071e-01
   8.06400e+03  -3.84000e-01  -9.84615e-01   3.42857e+02   2.38095e-01  -3.20000e-01
   2.46154e-01   8.03704e+03  -2.77778e-01  -9.92063e-01   3.07348e+02   2.41935e-01
  -4.16667e-01   2.48016e-01   8.02332e+03  -2.09913e-01  -9.95392e-01   2.83499e+02
   2.44186e-01  -4.89796e-01   2.48848e-01   8.01562e+03  -1.64063e-01  -9.97093e-01
   2.66447e+02   2.45614e-01  -5.46875e-01   2.49273e-01   8.01097e+03  -1.31687e-01
  -9.98051e-01   2.53678e+02   2.46575e-01  -5.92593e-01   2.49513e-01   8.00800e+03
  -1.08000e-01  -9.98630e-01   2.43773e+02   2.47253e-01  -6.30000e-01   2.49658e-01
   8.00601e+03  -9.01578e-02  -9.99001e-01   2.35872e+02   2.47748e-01  -6.61157e-01
   2.49750e-01   8.00463e+03  -7.63889e-02  -9.99249e-01   2.29428e+02   2.48120e-01
  -6.87500e-01   2.49812e-01   8.00364e+03  -6.55439e-02  -9.99422e-01   2.24073e+02
   2.48408e-01  -7.10059e-01   2.49855e-01   8.00292e+03  -5.68513e-02  -9.99545e-01
   2.19555e+02   2.48634e-01  -7.29592e-01   2.49886e-01   8.00237e+03  -4.97778e-02
  -9.99636e-01   2.15692e+02   2.48815e-01  -7.46667e-01   2.49909e-01   8.00195e+03
  -4.39453e-02  -9.99704e-01   2.12353e+02   2.48963e-01  -7.61719e-01   2.49926e-01
   8.00163e+03  -3.90800e-02  -9.99756e-01   2.09438e+02   2.49084e-01  -7.75087e-01
   2.49939e-01   8.00137e+03  -3.49794e-02  -9.99796e-01   2.06871e+02   2.49186e-01
  -7.87037e-01   2.49949e-01   8.00117e+03  -3.14915e-02  -9.99829e-01   2.04593e+02
   2.49271e-01  -7.97784e-01   2.49957e-01   1.00000e+00  -2.85000e-02  -9.99854e-01
   8.33333e+00  -5.00000e+00  -8.07500e-01   2.49964e-01

*** _Debug_ *** Full stiffness matrix
   1.60000e+04   0.00000e+00  -5.00000e-01   1.25000e-01   0.00000e+00   0.00000e+00   0.00000e+00   0.00000e+00   0.00000e+00   0.00000e+00   0.00000e+00   0.00000e+00   0.00000e+00   0.00000e+00   0.00000e+00   0.00000e+00   0.00000e+00   0.00000e+00   0.00000e+00   0.00000e+00   0.00000e+00   0.00000e+00   0.00000e+00   0.00000e+00   0.00000e+00   0.00000e+00   0.00000e+00   0.00000e+00   0.00000e+00   0.00000e+00   0.00000e+00   0.00000e+00   0.00000e+00   0.00000e+00   0.00000e+00   0.00000e+00   0.00000e+00   0.00000e+00   0.00000e+00   0.00000e+00
   0.00000e+00   1.33333e+03  -1.50000e+00   2.50000e-01   0.00000e+00   0.00000e+00   0.00000e+00   0.00000e+00   0.00000e+00   0.00000e+00   0.00000e+00   0.00000e+00   0.00000e+00   0.00000e+00   0.00000e+00   0.00000e+00   0.00000e+00   0.00000e+00   0.00000e+00   0.00000e+00   0.00000e+00   0.00000e+00   0.00000e+00   0.00000e+00   0.00000e+00   0.00000e+00   0.00000e+00   0.00000e+00   0.00000e+00   0.00000e+00   0.00000e+00   0.00000e+00   0.00000e+00   0.00000e+00   0.00000e+00   0.00000e+00   0.00000e+00   0.00000e+00   0.00000e+00   0.00000e+00
  -5.00000e-01  -1.50000e+00   9.00000e+03   1.66667e-01  -8.88889e-01   2.22222e-01   0.00000e+00   0.00000e+00   0.00000e+00   0.00000e+00   0.00000e+00   0.00000e+00   0.00000e+00   0.00000e+00   0.00000e+00   0.00000e+00   0.00000e+00   0.00000e+00   0.00000e+00   0.00000e+00   0.00000e+00   0.00000e+00   0.00000e+00   0.00000e+00   0.00000e+00   0.00000e+00   0.00000e+00   0.00000e+00   0.00000e+00   0.00000e+00   0.00000e+00   0.00000e+00   0.00000e+00   0.00000e+00   0.00000e+00   0.00000e+00   0.00000e+00   0.00000e+00   0.00000e+00   0.00000e+00
   1.25000e-01   2.50000e-01   1.66667e-01   7.50000e+02  -8.88889e-01   7.57912e-17   0.00000e+00   0.00000e+00   0.00000e+00   0.00000e+00   0.00000e+00   0.00000e+00   0.00000e+00   0.00000e+00   0.00000e+00   0.00000e+00   0.00000e+00   0.00000e+00   0.00000e+00   0.00000e+00   0.00000e+00   0.00000e+00   0.00000e+00   0.00000e+00   0.00000e+00   0.00000e+00   0.00000e+00   0.00000e+00   0.00000e+00   0.00000e+00   0.00000e+00   0.00000e+00   0.00000e+00   0.00000e+00   0.00000e+00   0.00000e+00   0.00000e+00   0.00000e+00   0.00000e+00   0.00000e+00
   0.00000e+00   0.00000e+00  -8.88889e-01  -8.88889e-01   8.29630e+03   2.14286e-01  -9.64286e-01   2.41071e-01   0.00000e+00   0.00000e+00   0.00000e+00   0.00000e+00   0.00000e+00   0.00000e+00   0.00000e+00   0.00000e+00   0.00000e+00   0.00000e+00   0.00000e+00   0.00000e+00   0.00000e+00   0.00000e+00   0.00000e+00   0.00000e+00   0.00000e+00   0.00000e+00   0.00000e+00   0.00000e+00   0.00000e+00   0.00000e+00   0.00000e+00   0.00000e+00   0.00000e+00   0.00000e+00   0.00000e+00   0.00000e+00   0.00000e+00   0.00000e+00   0.00000e+00   0.00000e+00
   0.00000e+00   0.00000e+00   2.22222e-01   7.57912e-17   2.14286e-01   5.07937e+02  -5.62500e-01  -1.87500e-01   0.00000e+00   0.00000e+00   0.00000e+00   0.00000e+00   0.00000e+00   0.00000e+00   0.00000e+00   0.00000e+00   0.00000e+00   0.00000e+00   0.00000e+00   0.00000e+00   0.00000e+00   0.00000e+00   0.00000e+00   0.00000e+00   0.00000e+00   0.00000e+00   0.00000e+00   0.00000e+00   0.00000e+00   0.00000e+00   0.00000e+00   0.00000e+00   0.00000e+00   0.00000e+00   0.00000e+00   0.00000e+00   0.00000e+00   0.00000e+00   0.00000e+00   0.00000e+00
   0.00000e+00   0.00000e+00   0.00000e+00   0.00000e+00  -9.64286e-01  -5.62500e-01   8.12500e+03   2.30769e-01  -9.84615e-01   2.46154e-01   0.00000e+00   0.00000e+00   0.00000e+00   0.00000e+00   0.00000e+00   0.00000e+00   0.00000e+00   0.00000e+00   0.00000e+00   0.00000e+00   0.00000e+00   0.00000e+00   0.00000e+00   0.00000e+00   0.00000e+00   0.00000e+00   0.00000e+00   0.00000e+00   0.00000e+00   0.00000e+00   0.00000e+00   0.00000e+00   0.00000e+00   0.00000e+00   0.00000e+00   0.00000e+00   0.00000e+00   0.00000e+00   0.00000e+00   0.00000e+00
   0.00000e+00   0.00000e+00   0.00000e+00   0.00000e+00   2.41071e-01  -1.87500e-01   2.30769e-01   4.00641e+02  -3.84000e-01  -3.20000e-01   0.00000e+00   0.00000e+00   0.00000e+00   0.00000e+00   0.00000e+00   0.00000e+00   0.00000e+00   0.00000e+00   0.00000e+00   0.00000e+00   0.00000e+00   0.00000e+00   0.00000e+00   0.00000e+00   0.00000e+00   0.00000e+00   0.00000e+00   0.00000e+00   0.00000e+00   0.00000e+00   0.00000e+00   0.00000e+00   0.00000e+00   0.00000e+00   0.00000e+00   0.00000e+00   0.00000e+00   0.00000e+00   0.00000e+00   0.00000e+00
   0.00000e+00   0.00000e+00   0.00000e+00   0.00000e+00   0.00000e+00   0.00000e+00  -9.84615e-01  -3.84000e-01   8.06400e+03   2.38095e-01  -9.92063e-01   2.48016e-01   0.00000e+00   0.00000e+00   0.00000e+00   0.00000e+00   0.00000e+00   0.00000e+00   0.00000e+00   0.00000e+00   0.00000e+00   0.00000e+00   0.00000e+00   0.00000e+00   0.00000e+00   0.00000e+00   0.00000e+00   0.00000e+00   0.00000e+00   0.00000e+00   0.00000e+00   0.00000e+00   0.00000e+00   0.00000e+00   0.00000e+00   0.00000e+00   0.00000e+00   0.00000e+00   0.00000e+00   0.00000e+00
   0.00000e+00   0.00000e+00   0.00000e+00   0.00000e+00   0.00000e+00   0.00000e+00   2.46154e-01  -3.20000e-01   2.38095e-01   3.42857e+02  -2.77778e-01  -4.16667e-01   0.00000e+00   0.00000e+00   0.00000e+00   0.00000e+00   0.00000e+00   0.00000e+00   0.00000e+00   0.00000e+00   0.00000e+00   0.00000e+00   0.00000e+00   0.00000e+00   0.00000e+00   0.00000e+00   0.00000e+00   0.00000e+00   0.00000e+00   0.00000e+00   0.00000e+00   0.00000e+00   0.00000e+00   0.00000e+00   0.00000e+00   0.00000e+00   0.00000e+00   0.00000e+00   0.00000e+00   0.00000e+00
   0.00000e+00   0.00000e+00   0.00000e+00   0.00000e+00   0.00000e+00   0.00000e+00   0.00000e+00   0.00000e+00  -9.92063e-01  -2.77778e-01   8.03704e+03   2.41935e-01  -9.95392e-01   2.48848e-01   0.00000e+00   0.00000e+00   0.00000e+00   0.00000e+00   0.00000e+00   0.00000e+00   0.00000e+00   0.00000e+00   0.00000e+00   0.00000e+00   0.00000e+00   0.00000e+00   0.00000e+00   0.00000e+00   0.00000e+00   0.00000e+00   0.00000e+00   0.00000e+00   0.00000e+00   0.00000e+00   0.00000e+00   0.00000e+00   0.00000e+00   0.00000e+00   0.00000e+00   0.00000e+00
   0.00000e+00   0.00000e+00   0.00000e+00   0.00000e+00   0.00000e+00   0.00000e+00   0.00000e+00   0.00000e+00   2.48016e-01  -4.16667e-01   2.41935e-01   3.07348e+02  -2.09913e-01  -4.89796e-01   0.00000e+00   0.00000e+00   0.00000e+00   0.00000e+00   0.00000e+00   0.00000e+00   0.00000e+00   0.00000e+00   0.00000e+00   0.00000e+00   0.00000e+00   0.00000e+00   0.00000e+00   0.00000e+00   0.00000e+00   0.00000e+00   0.00000e+00   0.00000e+00   0.00000e+00   0.00000e+00   0.00000e+00   0.00000e+00   0.00000e+00   0.00000e+00   0.00000e+00   0.00000e+00
   0.00000e+00   0.00000e+00   0.00000e+00   0.00000e+00   0.00000e+00   0.00000e+00   0.00000e+00   0.00000e+00   0.00000e+00   0.00000e+00  -9.95392e-01  -2.09913e-01   8.02332e+03   2.44186e-01  -9.97093e-01   2.49273e-01   0.00000e+00   0.00000e+00   0.00000e+00   0.00000e+00   0.00000e+00   0.00000e+00   0.00000e+00   0.00000e+00   0.00000e+00   0.00000e+00   0.00000e+00   0.00000e+00   0.00000e+00   0.00000e+00   0.00000e+00   0.00000e+00   0.00000e+00   0.00000e+00   0.00000e+00   0.00000e+00   0.00000e+00   0.00000e+00   0.00000e+00   0.00000e+00
   0.00000e+00   0.00000e+00   0.00000e+00   0.00000e+00   0.00000e+00   0.00000e+00   0.00000e+00   0.00000e+00   0.00000e+00   0.00000e+00   2.48848e-01  -4.89796e-01   2.44186e-01   2.83499e+02  -1.64063e-01  -5.46875e-01   0.00000e+00   0.00000e+00   0.00000e+00   0.00000e+00   0.00000e+00   0.00000e+00   0.00000e+00   0.00000e+00   0.00000e+00   0.00000e+00   0.00000e+00   0.00000e+00   0.00000e+00   0.00000e+00   0.00000e+00   0.00000e+00   0.00000e+00   0.00000e+00   0.00000e+00   0.00000e+00   0.00000e+00   0.00000e+00   0.00000e+00   0.00000e+00
   0.00000e+00   0.00000e+00   0.00000e+00   0.00000e+00   0.00000e+00   0.00000e+00   0.00000e+00   0.00000e+00   0.00000e+00   0.00000e+00   0.00000e+00   0.00000e+00  -9.97093e-01  -1.64063e-01   8.01562e+03   2.45614e-01  -9.98051e-01   2.49513e-01   0.00000e+00   0.00000e+00   0.00000e+00   0.00000e+00   0.00000e+00   0.00000e+00   0.00000e+00   0.00000e+00   0.00000e+00   0.00000e+00   0.00000e+00   0.00000e+00   0.00000e+00   0.00000e+00   0.00000e+00   0.00000e+00   0.00000e+00   0.00000e+00   0.00000e+00   0.00000e+00   0.00000e+00   0.00000e+00
   0.00000e+00   0.00000e+00   0.00000e+00   0.00000e+00   0.00000e+00   0.00000e+00   0.00000e+00   0.00000e+00   0.00000e+00   0.00000e+00   0.00000e+00   0.00000e+00   2.49273e-01  -5.46875e-01   2.45614e-01   2.66447e+02  -1.31687e-01  -5.92593e-01   0.00000e+00   0.00000e+00   0.00000e+00   0.00000e+00   0.00000e+00   0.00000e+00   0.00000e+00   0.00000e+00   0.00000e+00   0.00000e+00   0.00000e+00   0.00000e+00   0.00000e+00   0.00000e+00   0.00000e+00   0.00000e+00   0.00000e+00   0.00000e+00   0.00000e+00   0.00000e+00   0.00000e+00   0.00000e+00
   0.00000e+00   0.00000e+00   0.00000e+00   0.00000e+00   0.00000e+00   0.00000e+00   0.00000e+00   0.00000e+00   0.00000e+00   0.00000e+00   0.00000e+00   0.00000e+00   0.00000e+00   0.00000e+00  -9.98051e-01  -1.31687e-01   8.01097e+03   2.46575e-01  -9.98630e-01   2.49658e-01   0.00000e+00   0.00000e+00   0.00000e+00   0.00000e+00   0.00000e+00   0.00000e+00   0.00000e+00   0.00000e+00   0.00000e+00   0.00000e+00   0.00000e+00   0.00000e+00   0.00000e+00   0.00000e+00   0.00000e+00   0.00000e+00   0.00000e+00   0.00000e+00   0.00000e+00   0.00000e+00
   0.00000e+00   0.00000e+00   0.00000e+00   0.00000e+00   0.00000e+00   0.00000e+00   0.00000e+00   0.00000e+00   0.00000e+00   0.00000e+00   0.00000e+00   0.00000e+00   0.00000e+00   0.00000e+00   2.49513e-01  -5.92593e-01   2.46575e-01   2.53678e+02  -1.08000e-01  -6.30000e-01   0.00000e+00   0.00000e+00   0.00000e+00   0.00000e+00   0.00000e+00   0.00000e+00   0.00000e+00   0.00000e+00   0.00000e+00   0.00000e+00   0.00000e+00   0.00000e+00   0.00000e+00   0.00000e+00   0.00000e+00   0.00000e+00   0.00000e+00   0.00000e+00   0.00000e+00   0.00000e+00
   0.00000e+00   0.00000e+00   0.00000e+00   0.00000e+00   0.00000e+00   0.00000e+00   0.00000e+00   0.00000e+00   0.00000e+00   0.00000e+00   0.00000e+00   0.00000e+00   0.00000e+00   0.00000e+00   0.00000e+00   0.00000e+00  -9.98630e-01  -1.08000e-01   8.00800e+03   2.47253e-01  -9.99001e-01   2.49750e-01   0.00000e+00   0.00000e+00   0.00000e+00   0.00000e+00   0.00000e+00   0.00000e+00   0.00000e+00   0.00000e+00   0.00000e+00   0.00000e+00   0.00000e+00   0.00000e+00   0.00000e+00   0.00000e+00   0.00000e+00   0.00000e+00   0.00000e+00   0.00000e+00
   0.00000e+00   0.00000e+00   0.00000e+00   0.00000e+00   0.00000e+00   0.00000e+00   0.00000e+00   0.00000e+00   0.00000e+00   0.00000e+00   0.00000e+00   0.00000e+00   0.00000e+00   0.00000e+00   0.00000e+00   0.00000e+00   2.49658e-01  -6.30000e-01   2.47253e-01   2.43773e+02  -9.01578e-02  -6.61157e-01   0.00000e+00   0.00000e+00   0.00000e+00   0.00000e+00   0.00000e+00   0.00000e+00   0.00000e+00   0.00000e+00   0.00000e+00   0.00000e+00   0.00000e+00   0.00000e+00   0.00000e+00   0.00000e+00   0.00000e+00   0.00000e+00   0.00000e+00   0.00000e+00
   0.00000e+00   0.00000e+00   0.00000e+00   0.00000e+00   0.00000e+00   0.00000e+00   0.00000e+00   0.00000e+00   0.00000e+00   0.00000e+00   0.00000e+00   0.00000e+00   0.00000e+00   0.00000e+00   0.00000e+00   0.00000e+00   0.00000e+00   0.00000e+00  -9.99001e-01  -9.01578e-02   8.00601e+03   2.47748e-01  -9.99249e-01   2.49812e-01   0.00000e+00   0.00000e+00   0.00000e+00   0.00000e+00   0.00000e+00   0.00000e+00   0.00000e+00   0.00000e+00   0.00000e+00   0.00000e+00   0.00000e+00   0.00000e+00   0.00000e+00   0.00000e+00   0.00000e+00   0.00000e+00
   0.00000e+00   0.00000e+00   0.00000e+00   0.00000e+00   0.00000e+00   0.00000e+00   0.00000e+00   0.00000e+00   0.00000e+00   0.00000e+00   0.00000e+00   0.00000e+00   0.00000e+00   0.00000e+00   0.00000e+00   0.00000e+00   0.00000e+00   0.00000e+00   2.49750e-01  -6.61157e-01   2.47748e-01   2.35872e+02  -7.63889e-02  -6.87500e-01   0.00000e+00   0.00000e+00   0.00000e+00   0.00000e+00   0.00000e+00   0.00000e+00   0.00000e+00   0.00000e+00   0.00000e+00   0.00000e+00   0.00000e+00   0.00000e+00   0.00000e+00   0.00000e+00   0.00000e+00   0.00000e+00
   0.00000e+00   0.00000e+00   0.00000e+00   0.00000e+00   0.00000e+00   0.00000e+00   0.00000e+00   0.00000e+00   0.00000e+00   0.00000e+00   0.00000e+00   0.00000e+00   0.00000e+00   0.00000e+00   0.00000e+00   0.00000e+00   0.00000e+00   0.00000e+00   0.00000e+00   0.00000e+00  -9.99249e-01  -7.63889e-02   8.00463e+03   2.48120e-01  -9.99422e-01   2.49855e-01   0.00000e+00   0.00000e+00   0.00000e+00   0.00000e+00   0.00000e+00   0.00000e+00   0.00000e+00   0.00000e+00   0.00000e+00   0.00000e+00   0.00000e+00   0.00000e+00   0.00000e+00   0.00000e+00
   0.00000e+00   0.00000e+00   0.00000e+00   0.00000e+00   0.00000e+00   0.00000e+00   0.00000e+00   0.00000e+00   0.00000e+00   0.00000e+00   0.00000e+00   0.00000e+00   0.00000e+00   0.00000e+00   0.00000e+00   0.00000e+00   0.00000e+00   0.00000e+00   0.00000e+00   0.00000e+00   2.49812e-01  -6.87500e-01   2.48120e-01   2.29428e+02  -6.55439e-02  -7.10059e-01   0.00000e+00   0.00000e+00   0.00000e+00   0.00000e+00   0.00000e+00   0.00000e+00   0.00000e+00   0.00000e+00   0.00000e+00   0.00000e+00   0.00000e+00   0.00000e+00   0.00000e+00   0.00000e+00
   0.00000e+00   0.00000e+00   0.00000e+00   0.00000e+00   0.00000e+00   0.00000e+00   0.00000e+00   0.00000e+00   0.00000e+00   0.00000e+00   0.00000e+00   0.00000e+00   0.00000e+00   0.00000e+00   0.00000e+00   0.00000e+00   0.00000e+00   0.00000e+00   0.00000e+00   0.00000e+00   0.00000e+00   0.00000e+00  -9.99422e-01  -6.55439e-02   8.00364e+03   2.48408e-01  -9.99545e-01   2.49886e-01   0.00000e+00   0.00000e+00   0.00000e+00   0.00000e+00   0.00000e+00   0.00000e+00   0.00000e+00   0.00000e+00   0.00000e+00   0.00000e+00   0.00000e+00   0.00000e+00
   0.00000e+00   0.00000e+00   0.00000e+00   0.00000e+00   0.00000e+00   0.00000e+00   0.00000e+00   0.00000e+00   0.00000e+00   0.00000e+00   0.00000e+00   0.00000e+00   0.00000e+00   0.00000e+00   0.00000e+00   0.00000e+00   0.00000e+00   0.00000e+00   0.00000e+00   0.00000e+00   0.00000e+00   0.00000e+00   2.49855e-01  -7.10059e-01   2.48408e-01   2.24073e+02  -5.68513e-02  -7.29592e-01   0.00000e+00   0.00000e+00   0.00000e+00   0.00000e+00   0.00000e+00   0.00000e+00   0.00000e+00   0.00000e+00   0.00000e+00   0.00000e+00   0.00000e+00   0.00000e+00
   0.00000e+00   0.00000e+00   0.00000e+00   0.00000e+00   0.00000e+00   0.00000e+00   0.00000e+00   0.00000e+00   0.00000e+00   0.00000e+00   0.00000e+00   0.00000e+00   0.00000e+00   0.00000e+00   0.00000e+00   0.00000e+00   0.00000e+00   0.00000e+00   0.00000e+00   0.00000e+00   0.00000e+00   0.00000e+00   0.00000e+00   0.00000e+00  -9.99545e-01  -5.68513e-02   8.00292e+03   2.48634e-01  -9.99636e-01   2.49909e-01   0.00000e+00   0.00000e+00   0.00000e+00   0.00000e+00   0.00000e+00   0.00000e+00   0.00000e+00   0.00000e+00   0.00000e+00   0.00000e+00
   0.00000e+00   0.00000e+00   0.00000e+00   0.00000e+00   0.00000e+00   0.00000e+00   0.00000e+00   0.00000e+00   0.00000e+00   0.00000e+00   0.00000e+00   0.00000e+00   0.00000e+00   0.00000e+00   0.00000e+00   0.00000e+00   0.00000e+00   0.00000e+00   0.00000e+00   0.00000e+00   0.00000e+00   0.00000e+00   0.00000e+00   0.00000e+00   2.49886e-01  -7.29592e-01   2.48634e-01   2.19555e+02  -4.97778e-02  -7.46667e-01   0.00000e+00   0.00000e+00   0.00000e+00   0.00000e+00   0.00000e+00   0.00000e+00   0.00000e+00   0.00000e+00   0.00000e+00   0.00000e+00
   0.00000e+00   0.00000e+00   0.00000e+00   0.00000e+00   0.00000e+00   0.00000e+00   0.00000e+00   0.00000e+00   0.00000e+00   0.00000e+00   0.00000e+00   0.00000e+00   0.00000e+00   0.00000e+00   0.00000e+00   0.00000e+00   0.00000e+00   0.00000e+00   0.00000e+00   0.00000e+00   0.00000e+00   0.00000e+00   0.00000e+00   0.00000e+00   0.00000e+00   0.00000e+00  -9.99636e-01  -4.97778e-02   8.00237e+03   2.48815e-01  -9.99704e-01   2.49926e-01   0.00000e+00   0.00000e+00   0.00000e+00   0.00000e+00   0.00000e+00   0.00000e+00   0.00000e+00   0.00000e+00
   0.00000e+00   0.00000e+00   0.00000e+00   0.00000e+00   0.00000e+00   0.00000e+00   0.00000e+00   0.00000e+00   0.00000e+00   0.00000e+00   0.00000e+00   0.00000e+00   0.00000e+00   0.00000e+00   0.00000e+00   0.00000e+00   0.00000e+00   0.00000e+00   0.00000e+00   0.00000e+00   0.00000e+00   0.00000e+00   0.00000e+00   0.00000e+00   0.00000e+00   0.00000e+00   2.49909e-01  -7.46667e-01   2.48815e-01   2.15692e+02  -4.39453e-02  -7.61719e-01   0.00000e+00   0.00000e+00   0.00000e+00   0.00000e+00   0.00000e+00   0.00000e+00   0.00000e+00   0.00000e+00
   0.00000e+00   0.00000e+00   0.00000e+00   0.00000e+00   0.00000e+00   0.00000e+00   0.00000e+00   0.00000e+00   0.00000e+00   0.00000e+00   0.00000e+00   0.00000e+00   0.00000e+00   0.00000e+00   0.00000e+00   0.00000e+00   0.00000e+00   0.00000e+00   0.00000e+00   0.00000e+00   0.00000e+00   0.00000e+00   0.00000e+00   0.00000e+00   0.00000e+00   0.00000e+00   0.00000e+00   0.00000e+00  -9.99704e-01  -4.39453e-02   8.00195e+03   2.48963e-01  -9.99756e-01   2.49939e-01   0.00000e+00   0.00000e+00   0.00000e+00   0.00000e+00   0.00000e+00   0.00000e+00
   0.00000e+00   0.00000e+00   0.00000e+00   0.00000e+00   0.00000e+00   0.00000e+00   0.00000e+00   0.00000e+00   0.00000e+00   0.00000e+00   0.00000e+00   0.00000e+00   0.00000e+00   0.00000e+00   0.00000e+00   0.00000e+00   0.00000e+00   0.00000e+00   0.00000e+00   0.00000e+00   0.00000e+00   0.00000e+00   0.00000e+00   0.00000e+00   0.00000e+00   0.00000e+00   0.00000e+00   0.00000e+00   2.49926e-01  -7.61719e-01   2.48963e-01   2.12353e+02  -3.90800e-02  -7.75087e-01   0.00000e+00   0.00000e+00   0.00000e+00   0.00000e+00   0.00000e+00   0.00000e+00
   0.00000e+00   0.00000e+00   0.00000e+00   0.00000e+00   0.00000e+00   0.00000e+00   0.00000e+00   0.00000e+00   0.00000e+00   0.00000e+00   0.00000e+00   0.00000e+00   0.00000e+00   0.00000e+00   0.00000e+00   0.00000e+00   0.00000e+00   0.00000e+00   0.00000e+00   0.00000e+00   0.00000e+00   0.00000e+00   0.00000e+00   0.00000e+00   0.00000e+00   0.00000e+00   0.00000e+00   0.00000e+00   0.00000e+00   0.00000e+00  -9.99756e-01  -3.90800e-02   8.00163e+03   2.49084e-01  -9.99796e-01   2.49949e-01   0.00000e+00   0.00000e+00   0.00000e+00   0.00000e+00
   0.00000e+00   0.00000e+00   0.00000e+00   0.00000e+00   0.00000e+00   0.00000e+00   0.00000e+00   0.00000e+00   0.00000e+00   0.00000e+00   0.00000e+00   0.00000e+00   0.00000e+00   0.00000e+00   0.00000e+00   0.00000e+00   0.00000e+00   0.00000e+00   0.00000e+00   0.00000e+00   0.00000e+00   0.00000e+00   0.00000e+00   0.00000e+00   0.00000e+00   0.00000e+00   0.00000e+00   0.00000e+00   0.00000e+00   0.00000e+00   2.49939e-01  -7.75087e-01   2.49084e-01   2.09438e+02  -3.49794e-02  -7.87037e-01   0.00000e+00   0.00000e+00   0.00000e+00   0.00000e+00
   0.00000e+00   0.00000e+00   0.00000e+00   0.00000e+00   0.00000e+00   0.00000e+00   0.00000e+00   0.00000e+00   0.00000e+00   0.00000e+00   0.00000e+00   0.00000e+00   0.00000e+00   0.00000e+00   0.00000e+00   0.00000e+00   0.00000e+00   0.00000e+00   0.00000e+00   0.00000e+00   0.00000e+00   0.00000e+00   0.00000e+00   0.00000e+00   0.00000e+00   0.00000e+00   0.00000e+00   0.00000e+00   0.00000e+00   0.00000e+00   0.00000e+00   0.00000e+00  -9.99796e-01  -3.49794e-02   8.00137e+03   2.49186e-01  -9.99829e-01   2.49957e-01   0.00000e+00   0.00000e+00
   0.00000e+00   0.00000e+00   0.00000e+00   0.00000e+00   0.00000e+00   0.00000e+00   0.00000e+00   0.00000e+00   0.00000e+00   0.00000e+00   0.00000e+00   0.00000e+00   0.00000e+00   0.00000e+00   0.00000e+00   0.00000e+00   0.00000e+00   0.00000e+00   0.00000e+00   0.00000e+00   0.00000e+00   0.00000e+00   0.00000e+00   0.00000e+00   0.00000e+00   0.00000e+00   0.00000e+00   0.00000e+00   0.00000e+00   0.00000e+00   0.00000e+00   0.00000e+00   2.49949e-01  -7.87037e-01   2.49186e-01   2.06871e+02  -3.14915e-02  -7.97784e-01   0.00000e+00   0.00000e+00
   0.00000e+00   0.00000e+00   0.00000e+00   0.00000e+00   0.00000e+00   0.00000e+00   0.00000e+00   0.00000e+00   0.00000e+00   0.00000e+00   0.00000e+00   0.00000e+00   0.00000e+00   0.00000e+00   0.00000e+00   0.00000e+00   0.00000e+00   0.00000e+00   0.00000e+00   0.00000e+00   0.00000e+00   0.00000e+00   0.00000e+00   0.00000e+00   0.00000e+00   0.00000e+00   0.00000e+00   0.00000e+00   0.00000e+00   0.00000e+00   0.00000e+00   0.00000e+00   0.00000e+00   0.00000e+00  -9.99829e-01  -3.14915e-02   8.00117e+03   2.49271e-01  -9.99854e-01   2.49964e-01
   0.00000e+00   0.00000e+00   0.00000e+00   0.00000e+00   0.00000e+00   0.00000e+00   0.00000e+00   0.00000e+00   0.00000e+00   0.00000e+00   0.00000e+00   0.00000e+00   0.00000e+00   0.00000e+00   0.00000e+00   0.00000e+00   0.00000e+00   0.00000e+00   0.00000e+00   0.00000e+00   0.00000e+00   0.00000e+00   0.00000e+00   0.00000e+00   0.00000e+00   0.00000e+00   0.00000e+00   0.00000e+00   0.00000e+00   0.00000e+00   0.00000e+00   0.00000e+00   0.00000e+00   0.00000e+00   2.49957e-01  -7.97784e-01   2.49271e-01   2.04593e+02  -2.85000e-02  -8.07500e-01
   0.00000e+00   0.00000e+00   0.00000e+00   0.00000e+00   0.00000e+00   0.00000e+00   0.00000e+00   0.00000e+00   0.00000e+00   0.00000e+00   0.00000e+00   0.00000e+00   0.00000e+00   0.00000e+00   0.00000e+00   0.00000e+00   0.00000e+00   0.00000e+00   0.00000e+00   0.00000e+00   0.00000e+00   0.00000e+00   0.00000e+00   0.00000e+00   0.00000e+00   0.00000e+00   0.00000e+00   0.00000e+00   0.00000e+00   0.00000e+00   0.00000e+00   0.00000e+00   0.00000e+00   0.00000e+00   0.00000e+00   0.00000e+00  -9.99854e-01  -2.85000e-02   1.00000e+00  -5.00000e+00
   0.00000e+00   0.00000e+00   0.00000e+00   0.00000e+00   0.00000e+00   0.00000e+00   0.00000e+00   0.00000e+00   0.00000e+00   0.00000e+00   0.00000e+00   0.00000e+00   0.00000e+00   0.00000e+00   0.00000e+00   0.00000e+00   0.00000e+00   0.00000e+00   0.00000e+00   0.00000e+00   0.00000e+00   0.00000e+00   0.00000e+00   0.00000e+00   0.00000e+00   0.00000e+00   0.00000e+00   0.00000e+00   0.00000e+00   0.00000e+00   0.00000e+00   0.00000e+00   0.00000e+00   0.00000e+00   0.00000e+00   0.00000e+00   2.49964e-01  -8.07500e-01  -5.00000e+00   8.33333e+00

 LOAD CASE    1


*** _Debug_ *** Displacement vector
  -7.25313e-01  -2.85250e+00  -2.80500e+00  -5.42000e+00  -6.10031e+00
  -7.71750e+00  -1.04800e+01  -9.76000e+00  -1.58203e+01  -1.15625e+01  -2.20050e+01
  -1.31400e+01  -2.89253e+01  -1.45075e+01  -3.64800e+01  -1.56800e+01  -4.45753e+01
  -1.66725e+01  -5.31250e+01  -1.75000e+01  -6.20503e+01  -1.81775e+01  -7.12800e+01
  -1.87200e+01  -8.07503e+01  -1.91425e+01  -9.04050e+01  -1.94600e+01  -1.00195e+02
  -1.96875e+01  -1.10080e+02  -1.98400e+01  -1.20025e+02  -1.99325e+01  -1.30005e+02
  -1.99800e+01  -1.40000e+02  -1.99975e+01  -1.50000e+02  -2.00000e+01

 D I S P L A C E M E N T S

  NODE           X-DISPLACEMENT    Y-DISPLACEMENT    Z-DISPLACEMENT    X-ANGLE    Y-ANGLE    Z-ANGLE
    1               0.00000e+00       0.00000e+00       0.00000e+00       0.00000e+00       0.00000e+00       0.00000e+00
    2               0.00000e+00      -7.25313e-01       0.00000e+00       0.00000e+00       0.00000e+00      -2.85250e+00
    3               0.00000e+00      -2.80500e+00       0.00000e+00       0.00000e+00       0.00000e+00      -5.42000e+00
    4               0.00000e+00      -6.10031e+00       0.00000e+00       0.00000e+00       0.00000e+00      -7.71750e+00
    5               0.00000e+00      -1.04800e+01       0.00000e+00       0.00000e+00       0.00000e+00      -9.76000e+00
    6               0.00000e+00      -1.58203e+01       0.00000e+00       0.00000e+00       0.00000e+00      -1.15625e+01
    7               0.00000e+00      -2.20050e+01       0.00000e+00       0.00000e+00       0.00000e+00      -1.31400e+01
    8               0.00000e+00      -2.89253e+01       0.00000e+00       0.00000e+00       0.00000e+00      -1.45075e+01
    9               0.00000e+00      -3.64800e+01       0.00000e+00       0.00000e+00       0.00000e+00      -1.56800e+01
   10               0.00000e+00      -4.45753e+01       0.00000e+00       0.00000e+00       0.00000e+00      -1.66725e+01
   11               0.00000e+00      -5.31250e+01       0.00000e+00       0.00000e+00       0.00000e+00      -1.75000e+01
   12               0.00000e+00      -6.20503e+01       0.00000e+00       0.00000e+00       0.00000e+00      -1.81775e+01
   13               0.00000e+00      -7.12800e+01       0.00000e+00       0.00000e+00       0.00000e+00      -1.87200e+01
   14               0.00000e+00      -8.07503e+01       0.00000e+00       0.00000e+00       0.00000e+00      -1.91425e+01
   15               0.00000e+00      -9.04050e+01       0.00000e+00       0.00000e+00       0.00000e+00      -1.94600e+01
   16               0.00000e+00      -1.00195e+02       0.00000e+00       0.00000e+00       0.00000e+00      -1.96875e+01
   17               0.00000e+00      -1.10080e+02       0.00000e+00       0.00000e+00       0.00000e+00      -1.98400e+01
   18               0.00000e+00      -1.20025e+02       0.00000e+00       0.00000e+00       0.00000e+00      -1.99325e+01
   19               0.00000e+00      -1.30005e+02       0.00000e+00       0.00000e+00       0.00000e+00      -1.99800e+01
   20               0.00000e+00      -1.40000e+02       0.00000e+00       0.00000e+00       0.00000e+00      -1.99975e+01
   21               0.00000e+00      -1.50000e+02       0.00000e+00       0.00000e+00       0.00000e+00      -2.00000e+01

 S T R E S S  C A L C U L A T I O N S  F O R  E L E M E N T  G R O U P    1

  ELEMENT             STRESS             TORSION             MOMENT_Y_1             MOMENT_Y_2             MOMENT_Z_1             MOMENT_Z_2             SHEAR_Y             SHEAR_Z
  NUMBER
    1           0.00000e+00           0.00000e+00           0.00000e+00           0.00000e+00          -4.89490e+02          -4.61344e+02          -9.75000e+01           0.00000e+00
    2           0.00000e+00           0.00000e+00           0.00000e+00           0.00000e+00          -4.41268e+02          -4.14565e+02          -9.25000e+01           0.00000e+00
    3           0.00000e+00           0.00000e+00           0.00000e+00           0.00000e+00          -3.95546e+02          -3.70287e+02          -8.75000e+01           0.00000e+00
    4           0.00000e+00           0.00000e+00           0.00000e+00           0.00000e+00          -3.52325e+02          -3.28509e+02          -8.25000e+01           0.00000e+00
    5           0.00000e+00           0.00000e+00           0.00000e+00           0.00000e+00          -3.11603e+02          -2.89231e+02          -7.75000e+01           0.00000e+00
    6           0.00000e+00           0.00000e+00           0.00000e+00           0.00000e+00          -2.73381e+02          -2.52452e+02          -7.25000e+01           0.00000e+00
    7           0.00000e+00           0.00000e+00           0.00000e+00           0.00000e+00          -2.37659e+02          -2.18174e+02          -6.75000e+01           0.00000e+00
    8           0.00000e+00           0.00000e+00           0.00000e+00           0.00000e+00          -2.04438e+02          -1.86396e+02          -6.25000e+01           0.00000e+00
    9           0.00000e+00           0.00000e+00           0.00000e+00           0.00000e+00          -1.73716e+02          -1.57117e+02          -5.75000e+01           0.00000e+00
   10           0.00000e+00           0.00000e+00           0.00000e+00           0.00000e+00          -1.45494e+02          -1.30339e+02          -5.25000e+01           0.00000e+00
   11           0.00000e+00           0.00000e+00           0.00000e+00           0.00000e+00          -1.19773e+02          -1.06061e+02          -4.75000e+01           0.00000e+00
   12           0.00000e+00           0.00000e+00           0.00000e+00           0.00000e+00          -9.65510e+01          -8.42823e+01          -4.25000e+01           0.00000e+00
   13           0.00000e+00           0.00000e+00           0.00000e+00           0.00000e+00          -7.58293e+01          -6.50040e+01          -3.75000e+01           0.00000e+00
   14           0.00000e+00           0.00000e+00           0.00000e+00           0.00000e+00          -5.76076e+01          -4.82257e+01          -3.25000e+01           0.00000e+00
   15           0.00000e+00           0.00000e+00           0.00000e+00           0.00000e+00          -4.18859e+01          -3.39474e+01          -2.75000e+01           0.00000e+00
   16           0.00000e+00           0.00000e+00           0.00000e+00           0.00000e+00          -2.86643e+01          -2.21691e+01          -2.25000e+01           0.00000e+00
   17           0.00000e+00           0.00000e+00           0.00000e+00           0.00000e+00          -1.79426e+01          -1.28908e+01          -1.75000e+01           0.00000e+00
   18           0.00000e+00           0.00000e+00           0.00000e+00           0.00000e+00          -9.72089e+00          -6.11245e+00          -1.25000e+01           0.00000e+00
   19           0.00000e+00           0.00000e+00           0.00000e+00           0.00000e+00          -3.99920e+00          -1.83413e+00          -7.50000e+00           0.00000e+00
   20           0.00000e+00           0.00000e+00           0.00000e+00           0.00000e+00          -7.77511e-01          -5.58228e-02          -2.50000e+00           0.00000e+00


 S O L U T I O N   T I M E   L O G   I N   S E C 

     TIME FOR INPUT PHASE = 3.68400e-03
     TIME FOR CALCULATION OF STIFFNESS MATRIX = 1.01420e-02
     TIME FOR FACTORIZATION AND LOAD CASE SOLUTIONS = 2.06600e-03

     T O T A L   S O L U T I O N   T I M E = 1.58920e-02

