TITLE : Convergence test
        (14:59:24 on June 20, 2024, Thursday)

C O N T R O L   I N F O R M A T I O N

      NUMBER OF NODAL POINTS . . . . . . . . . . (NUMNP)  =     9
      NUMBER OF ELEMENT GROUPS . . . . . . . . . (NUMEG)  =     1
      NUMBER OF LOAD CASES . . . . . . . . . . . (NLCASE) =     1
      SOLUTION MODE  . . . . . . . . . . . . . . (MODEX)  =     1
         EQ.0, DATA CHECK
         EQ.1, EXECUTION

 N O D A L   P O I N T   D A T A

    NODE       BOUNDARY                         NODAL POINT
   NUMBER  CONDITION  CODES                     COORDINATES
        1    1    1    1       0.00000e+00    0.00000e+00    0.00000e+00
        2    0    0    1       3.20000e+01    0.00000e+00    0.00000e+00
        3    0    0    1       6.40000e+01    0.00000e+00    0.00000e+00
        4    1    0    1       0.00000e+00    3.20000e+01    0.00000e+00
        5    0    0    1       3.20000e+01    3.20000e+01    0.00000e+00
        6    0    0    1       6.40000e+01    3.20000e+01    0.00000e+00
        7    1    0    1       0.00000e+00    6.40000e+01    0.00000e+00
        8    0    0    1       3.20000e+01    6.40000e+01    0.00000e+00
        9    0    0    1       6.40000e+01    6.40000e+01    0.00000e+00

 EQUATION NUMBERS

   NODE NUMBER   DEGREES OF FREEDOM
        N           X    Y    Z
        1           0    0    0
        2           1    2    0
        3           3    4    0
        4           0    5    0
        5           6    7    0
        6           8    9    0
        7           0   10    0
        8          11   12    0
        9          13   14    0

 L O A D   C A S E   D A T A

     LOAD CASE NUMBER . . . . . . . =     1
     NUMBER OF CONCENTRATED LOADS . =     6

    NODE       DIRECTION      LOAD
   NUMBER                   MAGNITUDE
      2            1        3.20000e+01
      3            1        1.60000e+01
      5            1        6.40000e+01
      6            1        3.20000e+01
      8            1        3.20000e+01
      9            1        1.60000e+01

 E L E M E N T   G R O U P   D A T A


 E L E M E N T   D E F I N I T I O N

 ELEMENT TYPE  . . . . . . . . . . . . .( NPAR(1) ) . . =    2
     EQ.1, TRUSS ELEMENTS
     EQ.2, ELEMENTS CURRENTLY
     EQ.3, NOT AVAILABLE

 NUMBER OF ELEMENTS. . . . . . . . . . .( NPAR(2) ) . . =    4

 M A T E R I A L   D E F I N I T I O N

 NUMBER OF DIFFERENT SETS OF MATERIAL
 AND CROSS-SECTIONAL  CONSTANTS  . . . .( NPAR(3) ) . . =    1

  SET       YOUNG'S     POISSON
 NUMBER     MODULUS      RATIO
               E           NU
    1     1.00000e+03     3.00000e-01


 E L E M E N T   I N F O R M A T I O N
 ELEMENT     NODE     NODE       MATERIAL
 NUMBER-N      I        J       SET NUMBER
    1          1        2        5        4           1
    2          2        3        6        5           1
    3          4        5        8        7           1
    4          5        6        9        8           1

	TOTAL SYSTEM DATA

     NUMBER OF EQUATIONS . . . . . . . . . . . . . .(NEQ) = 14
     NUMBER OF MATRIX ELEMENTS . . . . . . . . . . .(NWK) = 83
     MAXIMUM HALF BANDWIDTH  . . . . . . . . . . . .(MK ) = 9
     MEAN HALF BANDWIDTH . . . . . . . . . . . . . .(MM ) = 5


 LOAD CASE    1


 D I S P L A C E M E N T S

  NODE           X-DISPLACEMENT    Y-DISPLACEMENT    Z-DISPLACEMENT
    1               0.00000e+00       0.00000e+00       0.00000e+00
    2               9.20840e-02      -1.06114e-02       0.00000e+00
    3               1.24689e-01      -2.41195e-02       0.00000e+00
    4               0.00000e+00      -3.05356e-02       0.00000e+00
    5               9.77739e-02      -3.05356e-02       0.00000e+00
    6               1.31311e-01      -3.05356e-02       0.00000e+00
    7               0.00000e+00      -6.10711e-02       0.00000e+00
    8               9.20840e-02      -5.04597e-02       0.00000e+00
    9               1.24689e-01      -3.69516e-02       0.00000e+00

 S T R E S S  C A L C U L A T I O N S  F O R  E L E M E N T  G R O U P    1

  ELEMENT             STRESS
  NUMBER
    1    3.00000e+00    1.11566e-01   -2.95760e-02
    2    1.00000e+00   -1.11566e-01   -7.19415e-03
    3    3.00000e+00    1.11566e-01    2.95760e-02
    4    1.00000e+00   -1.11566e-01    7.19415e-03


 S O L U T I O N   T I M E   L O G   I N   S E C 

     TIME FOR INPUT PHASE = 1.83000e-03
     TIME FOR CALCULATION OF STIFFNESS MATRIX = 1.71500e-03
     TIME FOR FACTORIZATION AND LOAD CASE SOLUTIONS = 9.05000e-04

     T O T A L   S O L U T I O N   T I M E = 4.45000e-03

