TITLE : T3 Convergence test 1
        (6:20:16 on June 20, 2024, Thursday)

C O N T R O L   I N F O R M A T I O N

      NUMBER OF NODAL POINTS . . . . . . . . . . (NUMNP)  =     4
      NUMBER OF ELEMENT GROUPS . . . . . . . . . (NUMEG)  =     1
      NUMBER OF LOAD CASES . . . . . . . . . . . (NLCASE) =     1
      SOLUTION MODE  . . . . . . . . . . . . . . (MODEX)  =     1
         EQ.0, DATA CHECK
         EQ.1, EXECUTION

 N O D A L   P O I N T   D A T A

    NODE       BOUNDARY                         NODAL POINT
   NUMBER  CONDITION  CODES                     COORDINATES
        1    1    1    1    1    1    1       0.00000e+00    0.00000e+00    0.00000e+00
        2    0    0    1    1    1    1       6.40000e+01    0.00000e+00    0.00000e+00
        3    0    0    1    1    1    1       6.40000e+01    6.40000e+01    0.00000e+00
        4    1    0    1    1    1    1       0.00000e+00    6.40000e+01    0.00000e+00

 EQUATION NUMBERS

   NODE NUMBER   DEGREES OF FREEDOM
        N           X    Y    Z
        1           0    0    0    0    0    0
        2           1    2    0    0    0    0
        3           3    4    0    0    0    0
        4           0    5    0    0    0    0

 L O A D   C A S E   D A T A

     LOAD CASE NUMBER . . . . . . . =     1
     NUMBER OF CONCENTRATED LOADS . =     2

    NODE       DIRECTION      LOAD
   NUMBER                   MAGNITUDE
      2            1        6.40000e+01
      3            1        6.40000e+01

 E L E M E N T   G R O U P   D A T A


 E L E M E N T   D E F I N I T I O N

 ELEMENT TYPE  . . . . . . . . . . . . .( NPAR(1) ) . . =    3
     EQ.1, TRUSS ELEMENTS
     EQ.2, ELEMENTS CURRENTLY
     EQ.3, NOT AVAILABLE

 NUMBER OF ELEMENTS. . . . . . . . . . .( NPAR(2) ) . . =    2

 M A T E R I A L   D E F I N I T I O N

 NUMBER OF DIFFERENT SETS OF MATERIAL
 AND CROSS-SECTIONAL  CONSTANTS  . . . .( NPAR(3) ) . . =    1

  SET       YOUNG'S        POSSION
 NUMBER     MODULUS         RAITO
               E              nu
    1     1.00000e+03     0.00000e+00


 E L E M E N T   I N F O R M A T I O N
 ELEMENT     NODE     NODE      NODE      MATERIAL
 NUMBER-N      1        2        3       SET NUMBER
    1        1        2        3           1
    2        1        3        4           1

	TOTAL SYSTEM DATA

     NUMBER OF EQUATIONS . . . . . . . . . . . . . .(NEQ) = 5
     NUMBER OF MATRIX ELEMENTS . . . . . . . . . . .(NWK) = 13
     MAXIMUM HALF BANDWIDTH  . . . . . . . . . . . .(MK ) = 4
     MEAN HALF BANDWIDTH . . . . . . . . . . . . . .(MM ) = 2


 LOAD CASE    1


 D I S P L A C E M E N T S

  NODE           X-DISPLACEMENT    Y-DISPLACEMENT    Z-DISPLACEMENT
    1               0.00000e+00       0.00000e+00       0.00000e+00       0.00000e+00       0.00000e+00       0.00000e+00
    2               1.28000e-01      -1.38778e-17       0.00000e+00       0.00000e+00       0.00000e+00       0.00000e+00
    3               1.28000e-01      -1.33227e-17       0.00000e+00       0.00000e+00       0.00000e+00       0.00000e+00
    4               0.00000e+00      -4.44089e-18       0.00000e+00       0.00000e+00       0.00000e+00       0.00000e+00

 S T R E S S  C A L C U L A T I O N S  F O R  E L E M E N T  G R O U P    1

  ELEMENT             STRESS
  NUMBER
    1    2.00000e+00    8.67362e-18    0.00000e+00
    2    2.00000e+00   -6.93889e-17   -6.93889e-17


 S O L U T I O N   T I M E   L O G   I N   S E C 

     TIME FOR INPUT PHASE = 2.98000e-04
     TIME FOR CALCULATION OF STIFFNESS MATRIX = 9.90000e-05
     TIME FOR FACTORIZATION AND LOAD CASE SOLUTIONS = 8.60000e-05

     T O T A L   S O L U T I O N   T I M E = 4.83000e-04

