TITLE : An test data file for two 3d bar
        (21:25:47 on June 7, 2024, Friday)

C O N T R O L   I N F O R M A T I O N

      NUMBER OF NODAL POINTS . . . . . . . . . . (NUMNP)  =     3
      NUMBER OF ELEMENT GROUPS . . . . . . . . . (NUMEG)  =     1
      NUMBER OF LOAD CASES . . . . . . . . . . . (NLCASE) =     1
      SOLUTION MODE  . . . . . . . . . . . . . . (MODEX)  =     1
         EQ.0, DATA CHECK
         EQ.1, EXECUTION

 N O D A L   P O I N T   D A T A

    NODE       BOUNDARY                         NODAL POINT
   NUMBER  CONDITION  CODES                     COORDINATES
        1    1    1    1    1    1    1       0.00000e+00    0.00000e+00    0.00000e+00
        2    0    1    1    1    1    1       1.00000e+00    0.00000e+00    0.00000e+00
        3    0    1    1    1    1    1       2.00000e+00    0.00000e+00    0.00000e+00

 EQUATION NUMBERS

   NODE NUMBER   DEGREES OF FREEDOM
        N           X    Y    Z
        1           0    0    0    0    0    0
        2           1    0    0    0    0    0
        3           2    0    0    0    0    0

 L O A D   C A S E   D A T A

     LOAD CASE NUMBER . . . . . . . =     1
     NUMBER OF CONCENTRATED LOADS . =     1

    NODE       DIRECTION      LOAD
   NUMBER                   MAGNITUDE
      3            1        1.00000e+01

 E L E M E N T   G R O U P   D A T A


 E L E M E N T   D E F I N I T I O N

 ELEMENT TYPE  . . . . . . . . . . . . .( NPAR(1) ) . . =    1
     EQ.1, TRUSS ELEMENTS
     EQ.2, ELEMENTS CURRENTLY
     EQ.5, BEAM ELEMENTS
     EQ.3, NOT AVAILABLE

 NUMBER OF ELEMENTS. . . . . . . . . . .( NPAR(2) ) . . =    2

 M A T E R I A L   D E F I N I T I O N

 NUMBER OF DIFFERENT SETS OF MATERIAL
 AND CROSS-SECTIONAL  CONSTANTS  . . . .( NPAR(3) ) . . =    1

  SET       YOUNG'S     CROSS-SECTIONAL
 NUMBER     MODULUS          AREA
               E              A
    1     1.00000e+00     1.00000e+00


 E L E M E N T   I N F O R M A T I O N
 ELEMENT     NODE     NODE       MATERIAL
 NUMBER-N      I        J       SET NUMBER
    1          1        2           1
    2          2        3           1

   Ele =        Location Matrix
        1    0    0    0    0    0    0
        2    1    0    0    0    0    0

*** _Debug_ *** Column Heights
       0       0

*** _Debug_ *** Address of Diagonal Element
       1       2       3

	TOTAL SYSTEM DATA

     NUMBER OF EQUATIONS . . . . . . . . . . . . . .(NEQ) = 2
     NUMBER OF MATRIX ELEMENTS . . . . . . . . . . .(NWK) = 2
     MAXIMUM HALF BANDWIDTH  . . . . . . . . . . . .(MK ) = 1
     MEAN HALF BANDWIDTH . . . . . . . . . . . . . .(MM ) = 1


*** _Debug_ *** Banded stiffness matrix
   1.00000e+00   0.00000e+00

*** _Debug_ *** Full stiffness matrix
   1.00000e+00   0.00000e+00
   0.00000e+00   0.00000e+00

