TITLE : An test data file for two 3d beam
        (21:50:3 on June 7, 2024, Friday)

C O N T R O L   I N F O R M A T I O N

      NUMBER OF NODAL POINTS . . . . . . . . . . (NUMNP)  =     3
      NUMBER OF ELEMENT GROUPS . . . . . . . . . (NUMEG)  =     1
      NUMBER OF LOAD CASES . . . . . . . . . . . (NLCASE) =     1
      SOLUTION MODE  . . . . . . . . . . . . . . (MODEX)  =     1
         EQ.0, DATA CHECK
         EQ.1, EXECUTION

 N O D A L   P O I N T   D A T A

    NODE       BOUNDARY                         NODAL POINT
   NUMBER  CONDITION  CODES                     COORDINATES
        1    1    1    1    1    1    1       0.00000e+00    0.00000e+00    0.00000e+00
        2    1    0    1    1    1    0       1.00000e+00    0.00000e+00    0.00000e+00
        3    0    0    1    1    1    0       2.00000e+00    0.00000e+00    0.00000e+00

 EQUATION NUMBERS

   NODE NUMBER   DEGREES OF FREEDOM
        N           X    Y    Z
        1           0    0    0    0    0    0
        2           0    1    0    0    0    2
        3           3    4    0    0    0    5

 L O A D   C A S E   D A T A

     LOAD CASE NUMBER . . . . . . . =     1
     NUMBER OF CONCENTRATED LOADS . =     1

    NODE       DIRECTION      LOAD
   NUMBER                   MAGNITUDE
      3            6        1.00000e+01

 E L E M E N T   G R O U P   D A T A


 E L E M E N T   D E F I N I T I O N

 ELEMENT TYPE  . . . . . . . . . . . . .( NPAR(1) ) . . =    5
     EQ.1, TRUSS ELEMENTS
     EQ.2, ELEMENTS CURRENTLY
     EQ.5, BEAM ELEMENTS
     EQ.3, NOT AVAILABLE

 NUMBER OF ELEMENTS. . . . . . . . . . .( NPAR(2) ) . . =    2

 M A T E R I A L   D E F I N I T I O N

 NUMBER OF DIFFERENT SETS OF MATERIAL
 AND CROSS-SECTIONAL  CONSTANTS  . . . .( NPAR(3) ) . . =    1

  SET       YOUNG'S     CROSS-SECTIONAL     MOMENT OF INERTIA     MOMENT OF INERTIA      MOMENT OF INERTIA     POISSON
 NUMBER     MODULUS          AREA             ABOUT Z AXIS      	  ABOUT Y AXIS		   		 POLAR        	  RATIO
               E              A					  Iz					   Iy				 	   Jp		        v
    1     1.00000e+00     1.00000e+00     1.00000e+00     1.00000e+00     1.00000e+00     3.00000e-010.00000e+001.00000e+000.00000e+00


 E L E M E N T   I N F O R M A T I O N
 ELEMENT     NODE     NODE       MATERIAL
 NUMBER-N      I        J       SET NUMBER
    1          1        2           1
    2          2        3           1

   Ele =        Location Matrix
        1    0    0    0    0    0    0    0    1    0    0    0    2
        2    0    1    0    0    0    2    3    4    0    0    0    5

*** _Debug_ *** Column Heights
       0       1       2       3       4

*** _Debug_ *** Address of Diagonal Element
       1       2       4       7      11      16

	TOTAL SYSTEM DATA

     NUMBER OF EQUATIONS . . . . . . . . . . . . . .(NEQ) = 5
     NUMBER OF MATRIX ELEMENTS . . . . . . . . . . .(NWK) = 15
     MAXIMUM HALF BANDWIDTH  . . . . . . . . . . . .(MK ) = 5
     MEAN HALF BANDWIDTH . . . . . . . . . . . . . .(MM ) = 3


*** _Debug_ *** Banded stiffness matrix
   2.40000e+01   8.00000e+00   0.00000e+00   1.00000e+00   0.00000e+00   0.00000e+00
   1.20000e+01   0.00000e+00  -6.00000e+00  -1.20000e+01   4.00000e+00  -6.00000e+00
   0.00000e+00   2.00000e+00   6.00000e+00

*** _Debug_ *** Full stiffness matrix
   2.40000e+01   0.00000e+00   0.00000e+00  -1.20000e+01   6.00000e+00
   0.00000e+00   8.00000e+00   0.00000e+00  -6.00000e+00   2.00000e+00
   0.00000e+00   0.00000e+00   1.00000e+00   0.00000e+00   0.00000e+00
  -1.20000e+01  -6.00000e+00   0.00000e+00   1.20000e+01  -6.00000e+00
   6.00000e+00   2.00000e+00   0.00000e+00  -6.00000e+00   4.00000e+00

*** _Debug_ *** Banded stiffness matrix
   2.40000e+01   8.00000e+00   0.00000e+00   1.00000e+00   0.00000e+00   0.00000e+00
   1.50000e+00   0.00000e+00  -7.50000e-01  -5.00000e-01   5.00000e-01  -1.00000e+00
   0.00000e+00   2.50000e-01   2.50000e-01

*** _Debug_ *** Full stiffness matrix
   2.40000e+01   0.00000e+00   0.00000e+00  -5.00000e-01   2.50000e-01
   0.00000e+00   8.00000e+00   0.00000e+00  -7.50000e-01   2.50000e-01
   0.00000e+00   0.00000e+00   1.00000e+00   0.00000e+00   0.00000e+00
  -5.00000e-01  -7.50000e-01   0.00000e+00   1.50000e+00  -1.00000e+00
   2.50000e-01   2.50000e-01   0.00000e+00  -1.00000e+00   5.00000e-01

 LOAD CASE    1


*** _Debug_ *** Displacement vector
   5.00000e+00   1.00000e+01   0.00000e+00   2.00000e+01   2.00000e+01

 D I S P L A C E M E N T S

  NODE           X-DISPLACEMENT    Y-DISPLACEMENT    Z-DISPLACEMENT    X-ANGLE    Y-ANGLE    Z-ANGLE
    1               0.00000e+00       0.00000e+00       0.00000e+00       0.00000e+00       0.00000e+00       0.00000e+00
    2               0.00000e+00       5.00000e+00       0.00000e+00       0.00000e+00       0.00000e+00       1.00000e+01
    3               0.00000e+00       2.00000e+01       0.00000e+00       0.00000e+00       0.00000e+00       2.00000e+01

 S T R E S S  C A L C U L A T I O N S  F O R  E L E M E N T  G R O U P    1

  ELEMENT             STRESS             TORSION             MOMENT_Y_1             MOMENT_Y_2             MOMENT_Z_1             MOMENT_Z_2             SHEAR_Y             SHEAR_Z
  NUMBER
    1           0.00000e+00           0.00000e+00           0.00000e+00           0.00000e+00           0.00000e+00           0.00000e+00           0.00000e+00           0.00000e+00
    2           0.00000e+00           0.00000e+00           0.00000e+00           0.00000e+00           0.00000e+00           0.00000e+00           0.00000e+00           0.00000e+00


 S O L U T I O N   T I M E   L O G   I N   S E C 

     TIME FOR INPUT PHASE = 2.20500e-03
     TIME FOR CALCULATION OF STIFFNESS MATRIX = 1.29900e-03
     TIME FOR FACTORIZATION AND LOAD CASE SOLUTIONS = 2.78000e-04

     T O T A L   S O L U T I O N   T I M E = 3.78200e-03

